#
# There is insufficient memory for the Java Runtime Environment to continue.
# Native memory allocation (mmap) failed to map 65536 bytes for Failed to commit metaspace.
# Possible reasons:
#   The system is out of physical RAM or swap space
#   The process is running with CompressedOops enabled, and the Java Heap may be blocking the growth of the native heap
# Possible solutions:
#   Reduce memory load on the system
#   Increase physical memory or swap space
#   Check if swap backing store is full
#   Decrease Java heap size (-Xmx/-Xms)
#   Decrease number of Java threads
#   Decrease Java thread stack sizes (-Xss)
#   Set larger code cache with -XX:ReservedCodeCacheSize=
#   JVM is running with Unscaled Compressed Oops mode in which the Java heap is
#     placed in the first 4GB address space. The Java Heap base address is the
#     maximum limit for the native heap growth. Please use -XX:HeapBaseMinAddress
#     to set the Java Heap base and to place the Java Heap above 4GB virtual address.
# This output file may be truncated or incomplete.
#
#  Out of Memory Error (virtualSpaceNode.cpp:110), pid=13324, tid=4788
#
# JRE version: Java(TM) SE Runtime Environment (19.0.1+10) (build 19.0.1+10-21)
# Java VM: Java HotSpot(TM) 64-Bit Server VM (19.0.1+10-21, mixed mode, sharing, tiered, compressed oops, compressed class ptrs, g1 gc, windows-amd64)
# No core dump will be written. Minidumps are not enabled by default on client versions of Windows
#

---------------  S U M M A R Y ------------

Command Line: -Dfile.encoding=UTF-8 --module-path=C:\Users\acer\Documents\NetBeansProjects\University Management System\build\classes university.management.system.ExaminationDetails

Host: Intel(R) Core(TM) i3-4005U CPU @ 1.70GHz, 4 cores, 3G,  Windows 10 , 64 bit Build 19041 (10.0.19041.2364)
Time: Sat Feb 11 17:05:58 2023 India Standard Time elapsed time: 3.319426 seconds (0d 0h 0m 3s)

---------------  T H R E A D  ---------------

Current thread (0x00000273286e74e0):  JavaThread "main" [_thread_in_vm, id=4788, stack(0x0000009d0a100000,0x0000009d0a200000)]

Stack: [0x0000009d0a100000,0x0000009d0a200000]
Native frames: (J=compiled Java code, j=interpreted, Vv=VM code, C=native code)
V  [jvm.dll+0x6ee8fa]
V  [jvm.dll+0x857a1e]
V  [jvm.dll+0x85940e]
V  [jvm.dll+0x859ac3]
V  [jvm.dll+0x28291f]
V  [jvm.dll+0x85369b]
V  [jvm.dll+0x693276]
V  [jvm.dll+0x6932da]
V  [jvm.dll+0x695bd3]
V  [jvm.dll+0x695a9e]
V  [jvm.dll+0x693c9e]
V  [jvm.dll+0x3c500f]
V  [jvm.dll+0x21608b]
V  [jvm.dll+0x5aa300]
V  [jvm.dll+0x22567a]
V  [jvm.dll+0x7ccb72]
V  [jvm.dll+0x7cdfba]
V  [jvm.dll+0x7ce73d]
V  [jvm.dll+0x21c654]
V  [jvm.dll+0x21ed1d]
V  [jvm.dll+0x214571]
V  [jvm.dll+0x5aa2d6]
V  [jvm.dll+0x22567a]
V  [jvm.dll+0x7ccb72]
V  [jvm.dll+0x7cdfba]
V  [jvm.dll+0x7ce2e8]
V  [jvm.dll+0x271d6b]
V  [jvm.dll+0x3da3de]
C  0x0000027337bbd31d

Java frames: (J=compiled Java code, j=interpreted, Vv=VM code)
j  sun.security.ssl.SSLCipher.<clinit>()V+29 java.base@19.0.1
v  ~StubRoutines::call_stub 0x0000027337b9100e
j  sun.security.ssl.CipherSuite.<clinit>()V+18 java.base@19.0.1
v  ~StubRoutines::call_stub 0x0000027337b9100e
j  sun.security.ssl.SSLContextImpl.getApplicableSupportedCipherSuites(Ljava/util/List;)Ljava/util/List;+0 java.base@19.0.1
j  sun.security.ssl.SSLContextImpl$AbstractTLSContext.<clinit>()V+84 java.base@19.0.1
v  ~StubRoutines::call_stub 0x0000027337b9100e
j  java.lang.Class.forName0(Ljava/lang/String;ZLjava/lang/ClassLoader;Ljava/lang/Class;)Ljava/lang/Class;+0 java.base@19.0.1
j  java.lang.Class.forName(Ljava/lang/String;Ljava/lang/Class;)Ljava/lang/Class;+19 java.base@19.0.1
j  java.lang.Class.forName(Ljava/lang/String;)Ljava/lang/Class;+6 java.base@19.0.1
j  java.security.Provider$Service.getImplClass()Ljava/lang/Class;+64 java.base@19.0.1
j  java.security.Provider$Service.getDefaultConstructor()Ljava/lang/reflect/Constructor;+46 java.base@19.0.1
j  java.security.Provider$Service.newInstanceOf()Ljava/lang/Object;+1 java.base@19.0.1
j  java.security.Provider$Service.newInstanceUtil(Ljava/lang/Class;Ljava/lang/Object;)Ljava/lang/Object;+5 java.base@19.0.1
j  java.security.Provider$Service.newInstance(Ljava/lang/Object;)Ljava/lang/Object;+227 java.base@19.0.1
j  sun.security.jca.GetInstance.getInstance(Ljava/security/Provider$Service;Ljava/lang/Class;)Lsun/security/jca/GetInstance$Instance;+2 java.base@19.0.1
j  sun.security.jca.GetInstance.getInstance(Ljava/lang/String;Ljava/lang/Class;Ljava/lang/String;)Lsun/security/jca/GetInstance$Instance;+56 java.base@19.0.1
j  javax.net.ssl.SSLContext.getInstance(Ljava/lang/String;)Ljavax/net/ssl/SSLContext;+12 java.base@19.0.1
j  com.mysql.cj.protocol.ExportControlled.getSSLContext(Lcom/mysql/cj/protocol/ExportControlled$KeyStoreConf;Lcom/mysql/cj/protocol/ExportControlled$KeyStoreConf;ZZLjava/lang/String;Lcom/mysql/cj/exceptions/ExceptionInterceptor;)Ljavax/net/ssl/SSLContext;+914
j  com.mysql.cj.protocol.ExportControlled.performTlsHandshake(Ljava/net/Socket;Lcom/mysql/cj/protocol/SocketConnection;Lcom/mysql/cj/ServerVersion;Lcom/mysql/cj/log/Log;)Ljava/net/Socket;+154
j  com.mysql.cj.protocol.StandardSocketFactory.performTlsHandshake(Lcom/mysql/cj/protocol/SocketConnection;Lcom/mysql/cj/protocol/ServerSession;Lcom/mysql/cj/log/Log;)Ljava/io/Closeable;+21
j  com.mysql.cj.protocol.a.NativeSocketConnection.performTlsHandshake(Lcom/mysql/cj/protocol/ServerSession;Lcom/mysql/cj/log/Log;)V+8
j  com.mysql.cj.protocol.a.NativeProtocol.negotiateSSLConnection()V+116
j  com.mysql.cj.protocol.a.NativeAuthenticationProvider.connect(Ljava/lang/String;Ljava/lang/String;Ljava/lang/String;)V+765
j  com.mysql.cj.protocol.a.NativeProtocol.connect(Ljava/lang/String;Ljava/lang/String;Ljava/lang/String;)V+11
j  com.mysql.cj.NativeSession.connect(Lcom/mysql/cj/conf/HostInfo;Ljava/lang/String;Ljava/lang/String;Ljava/lang/String;ILcom/mysql/cj/TransactionEventHandler;)V+110
j  com.mysql.cj.jdbc.ConnectionImpl.connectOneTryOnly(Z)V+32
j  com.mysql.cj.jdbc.ConnectionImpl.createNewIO(Z)V+27
j  com.mysql.cj.jdbc.ConnectionImpl.<init>(Lcom/mysql/cj/conf/HostInfo;)V+753
j  com.mysql.cj.jdbc.ConnectionImpl.getInstance(Lcom/mysql/cj/conf/HostInfo;)Lcom/mysql/cj/jdbc/JdbcConnection;+5
j  com.mysql.cj.jdbc.NonRegisteringDriver.connect(Ljava/lang/String;Ljava/util/Properties;)Ljava/sql/Connection;+72
j  java.sql.DriverManager.getConnection(Ljava/lang/String;Ljava/util/Properties;Ljava/lang/Class;)Ljava/sql/Connection;+133 java.sql@19.0.1
j  java.sql.DriverManager.getConnection(Ljava/lang/String;Ljava/lang/String;Ljava/lang/String;)Ljava/sql/Connection;+37 java.sql@19.0.1
j  university.management.system.Conn.<init>()V+17
j  university.management.system.ExaminationDetails.<init>()V+374
j  university.management.system.ExaminationDetails.main([Ljava/lang/String;)V+4
v  ~StubRoutines::call_stub 0x0000027337b9100e

---------------  P R O C E S S  ---------------

Threads class SMR info:
_java_thread_list=0x0000027348f5c6e0, length=15, elements={
0x00000273286e74e0, 0x0000027344036870, 0x0000027344037410, 0x000002734403fea0,
0x0000027344060590, 0x0000027344060ad0, 0x00000273440612f0, 0x0000027344061b60,
0x0000027344065580, 0x0000027344096800, 0x0000027348420a10, 0x00000273485cd2b0,
0x00000273485aa810, 0x00000273486e3af0, 0x0000027348711050
}

Java Threads: ( => current thread )
=>0x00000273286e74e0 JavaThread "main" [_thread_in_vm, id=4788, stack(0x0000009d0a100000,0x0000009d0a200000)]
  0x0000027344036870 JavaThread "Reference Handler" daemon [_thread_blocked, id=2600, stack(0x0000009d0a800000,0x0000009d0a900000)]
  0x0000027344037410 JavaThread "Finalizer" daemon [_thread_blocked, id=10916, stack(0x0000009d0a900000,0x0000009d0aa00000)]
  0x000002734403fea0 JavaThread "Signal Dispatcher" daemon [_thread_blocked, id=7244, stack(0x0000009d0aa00000,0x0000009d0ab00000)]
  0x0000027344060590 JavaThread "Attach Listener" daemon [_thread_blocked, id=11788, stack(0x0000009d0ab00000,0x0000009d0ac00000)]
  0x0000027344060ad0 JavaThread "Service Thread" daemon [_thread_blocked, id=12016, stack(0x0000009d0ac00000,0x0000009d0ad00000)]
  0x00000273440612f0 JavaThread "Monitor Deflation Thread" daemon [_thread_blocked, id=13904, stack(0x0000009d0ad00000,0x0000009d0ae00000)]
  0x0000027344061b60 JavaThread "C2 CompilerThread0" daemon [_thread_blocked, id=12788, stack(0x0000009d0ae00000,0x0000009d0af00000)]
  0x0000027344065580 JavaThread "C1 CompilerThread0" daemon [_thread_blocked, id=16212, stack(0x0000009d0af00000,0x0000009d0b000000)]
  0x0000027344096800 JavaThread "Sweeper thread" daemon [_thread_blocked, id=14528, stack(0x0000009d0b000000,0x0000009d0b100000)]
  0x0000027348420a10 JavaThread "Common-Cleaner" daemon [_thread_blocked, id=11660, stack(0x0000009d0b100000,0x0000009d0b200000)]
  0x00000273485cd2b0 JavaThread "Notification Thread" daemon [_thread_blocked, id=15716, stack(0x0000009d0b200000,0x0000009d0b300000)]
  0x00000273485aa810 JavaThread "Java2D Disposer" daemon [_thread_blocked, id=14620, stack(0x0000009d0b400000,0x0000009d0b500000)]
  0x00000273486e3af0 JavaThread "AWT-Windows" daemon [_thread_in_native, id=8400, stack(0x0000009d0b600000,0x0000009d0b700000)]
  0x0000027348711050 JavaThread "mysql-cj-abandoned-connection-cleanup" daemon [_thread_blocked, id=10540, stack(0x0000009d0b800000,0x0000009d0b900000)]

Other Threads:
  0x00000273287afdf0 VMThread "VM Thread" [stack: 0x0000009d0a700000,0x0000009d0a800000] [id=5536]
  0x00000273485cdae0 WatcherThread "VM Periodic Task Thread" [stack: 0x0000009d0b300000,0x0000009d0b400000] [id=6324]
  0x000002732872b090 WorkerThread "GC Thread#0" [stack: 0x0000009d0a200000,0x0000009d0a300000] [id=13660]
  0x00000273486e15a0 WorkerThread "GC Thread#1" [stack: 0x0000009d0b500000,0x0000009d0b600000] [id=10780]
  0x0000027348edf000 WorkerThread "GC Thread#2" [stack: 0x0000009d0b700000,0x0000009d0b800000] [id=17020]
  0x0000027348f3bb00 WorkerThread "GC Thread#3" [stack: 0x0000009d0b900000,0x0000009d0ba00000] [id=17216]
  0x0000027328733db0 ConcurrentGCThread "G1 Main Marker" [stack: 0x0000009d0a300000,0x0000009d0a400000] [id=11488]
  0x00000273287347e0 WorkerThread "G1 Conc#0" [stack: 0x0000009d0a400000,0x0000009d0a500000] [id=17288]
  0x0000027328787080 ConcurrentGCThread "G1 Refine#0" [stack: 0x0000009d0a500000,0x0000009d0a600000] [id=14272]
  0x0000027328788bd0 ConcurrentGCThread "G1 Service" [stack: 0x0000009d0a600000,0x0000009d0a700000] [id=14444]

Threads with active compile tasks:

VM state: not at safepoint (normal execution)

VM Mutex/Monitor currently owned by a thread:  ([mutex/lock_event])
[0x00000273286e24d0] Metaspace_lock - owner thread: 0x00000273286e74e0

Heap address: 0x00000000c1200000, size: 1006 MB, Compressed Oops mode: 32-bit

CDS archive(s) mapped at: [0x0000000800000000-0x0000000800c40000-0x0000000800c40000), size 12845056, SharedBaseAddress: 0x0000000800000000, ArchiveRelocationMode: 0.
Compressed class space mapped at: 0x0000000801000000-0x0000000841000000, reserved size: 1073741824
Narrow klass base: 0x0000000800000000, Narrow klass shift: 0, Narrow klass range: 0x100000000

GC Precious Log:
 CardTable entry size: 512
 Card Set container configuration: InlinePtr #cards 5 size 8 Array Of Cards #cards 12 size 40 Howl #buckets 4 coarsen threshold 1843 Howl Bitmap #cards 512 size 80 coarsen threshold 460 Card regions per heap region 1 cards per card region 2048
 CPUs: 4 total, 4 available
 Memory: 4019M
 Large Page Support: Disabled
 NUMA Support: Disabled
 Compressed Oops: Enabled (32-bit)
 Heap Region Size: 1M
 Heap Min Capacity: 8M
 Heap Initial Capacity: 64M
 Heap Max Capacity: 1006M
 Pre-touch: Disabled
 Parallel Workers: 4
 Concurrent Workers: 1
 Concurrent Refinement Workers: 4
 Periodic GC: Disabled

Heap:
 garbage-first heap   total 65536K, used 3296K [0x00000000c1200000, 0x0000000100000000)
  region size 1024K, 3 young (3072K), 2 survivors (2048K)
 Metaspace       used 10266K, committed 10432K, reserved 1114112K
  class space    used 1133K, committed 1216K, reserved 1048576K

Heap Regions: E=young(eden), S=young(survivor), O=old, HS=humongous(starts), HC=humongous(continues), CS=collection set, F=free, OA=open archive, CA=closed archive, TAMS=top-at-mark-start (previous, next)
|   0|0x00000000c1200000, 0x00000000c1300000, 0x00000000c1300000|100%| O|  |TAMS 0x00000000c1200000, 0x00000000c1200000| Untracked 
|   1|0x00000000c1300000, 0x00000000c1338000, 0x00000000c1400000| 21%| O|  |TAMS 0x00000000c1300000, 0x00000000c1300000| Untracked 
|   2|0x00000000c1400000, 0x00000000c1400000, 0x00000000c1500000|  0%| F|  |TAMS 0x00000000c1400000, 0x00000000c1400000| Untracked 
|   3|0x00000000c1500000, 0x00000000c1500000, 0x00000000c1600000|  0%| F|  |TAMS 0x00000000c1500000, 0x00000000c1500000| Untracked 
|   4|0x00000000c1600000, 0x00000000c1600000, 0x00000000c1700000|  0%| F|  |TAMS 0x00000000c1600000, 0x00000000c1600000| Untracked 
|   5|0x00000000c1700000, 0x00000000c1700000, 0x00000000c1800000|  0%| F|  |TAMS 0x00000000c1700000, 0x00000000c1700000| Untracked 
|   6|0x00000000c1800000, 0x00000000c1800000, 0x00000000c1900000|  0%| F|  |TAMS 0x00000000c1800000, 0x00000000c1800000| Untracked 
|   7|0x00000000c1900000, 0x00000000c1900000, 0x00000000c1a00000|  0%| F|  |TAMS 0x00000000c1900000, 0x00000000c1900000| Untracked 
|   8|0x00000000c1a00000, 0x00000000c1a00000, 0x00000000c1b00000|  0%| F|  |TAMS 0x00000000c1a00000, 0x00000000c1a00000| Untracked 
|   9|0x00000000c1b00000, 0x00000000c1b00000, 0x00000000c1c00000|  0%| F|  |TAMS 0x00000000c1b00000, 0x00000000c1b00000| Untracked 
|  10|0x00000000c1c00000, 0x00000000c1c00000, 0x00000000c1d00000|  0%| F|  |TAMS 0x00000000c1c00000, 0x00000000c1c00000| Untracked 
|  11|0x00000000c1d00000, 0x00000000c1d00000, 0x00000000c1e00000|  0%| F|  |TAMS 0x00000000c1d00000, 0x00000000c1d00000| Untracked 
|  12|0x00000000c1e00000, 0x00000000c1e00000, 0x00000000c1f00000|  0%| F|  |TAMS 0x00000000c1e00000, 0x00000000c1e00000| Untracked 
|  13|0x00000000c1f00000, 0x00000000c1f00000, 0x00000000c2000000|  0%| F|  |TAMS 0x00000000c1f00000, 0x00000000c1f00000| Untracked 
|  14|0x00000000c2000000, 0x00000000c2000000, 0x00000000c2100000|  0%| F|  |TAMS 0x00000000c2000000, 0x00000000c2000000| Untracked 
|  15|0x00000000c2100000, 0x00000000c2100000, 0x00000000c2200000|  0%| F|  |TAMS 0x00000000c2100000, 0x00000000c2100000| Untracked 
|  16|0x00000000c2200000, 0x00000000c2200000, 0x00000000c2300000|  0%| F|  |TAMS 0x00000000c2200000, 0x00000000c2200000| Untracked 
|  17|0x00000000c2300000, 0x00000000c2300000, 0x00000000c2400000|  0%| F|  |TAMS 0x00000000c2300000, 0x00000000c2300000| Untracked 
|  18|0x00000000c2400000, 0x00000000c2400000, 0x00000000c2500000|  0%| F|  |TAMS 0x00000000c2400000, 0x00000000c2400000| Untracked 
|  19|0x00000000c2500000, 0x00000000c2500000, 0x00000000c2600000|  0%| F|  |TAMS 0x00000000c2500000, 0x00000000c2500000| Untracked 
|  20|0x00000000c2600000, 0x00000000c2600000, 0x00000000c2700000|  0%| F|  |TAMS 0x00000000c2600000, 0x00000000c2600000| Untracked 
|  21|0x00000000c2700000, 0x00000000c2700000, 0x00000000c2800000|  0%| F|  |TAMS 0x00000000c2700000, 0x00000000c2700000| Untracked 
|  22|0x00000000c2800000, 0x00000000c2800000, 0x00000000c2900000|  0%| F|  |TAMS 0x00000000c2800000, 0x00000000c2800000| Untracked 
|  23|0x00000000c2900000, 0x00000000c2900000, 0x00000000c2a00000|  0%| F|  |TAMS 0x00000000c2900000, 0x00000000c2900000| Untracked 
|  24|0x00000000c2a00000, 0x00000000c2a00000, 0x00000000c2b00000|  0%| F|  |TAMS 0x00000000c2a00000, 0x00000000c2a00000| Untracked 
|  25|0x00000000c2b00000, 0x00000000c2b00000, 0x00000000c2c00000|  0%| F|  |TAMS 0x00000000c2b00000, 0x00000000c2b00000| Untracked 
|  26|0x00000000c2c00000, 0x00000000c2c00000, 0x00000000c2d00000|  0%| F|  |TAMS 0x00000000c2c00000, 0x00000000c2c00000| Untracked 
|  27|0x00000000c2d00000, 0x00000000c2d00000, 0x00000000c2e00000|  0%| F|  |TAMS 0x00000000c2d00000, 0x00000000c2d00000| Untracked 
|  28|0x00000000c2e00000, 0x00000000c2e00000, 0x00000000c2f00000|  0%| F|  |TAMS 0x00000000c2e00000, 0x00000000c2e00000| Untracked 
|  29|0x00000000c2f00000, 0x00000000c2f00000, 0x00000000c3000000|  0%| F|  |TAMS 0x00000000c2f00000, 0x00000000c2f00000| Untracked 
|  30|0x00000000c3000000, 0x00000000c3000000, 0x00000000c3100000|  0%| F|  |TAMS 0x00000000c3000000, 0x00000000c3000000| Untracked 
|  31|0x00000000c3100000, 0x00000000c3100000, 0x00000000c3200000|  0%| F|  |TAMS 0x00000000c3100000, 0x00000000c3100000| Untracked 
|  32|0x00000000c3200000, 0x00000000c3200000, 0x00000000c3300000|  0%| F|  |TAMS 0x00000000c3200000, 0x00000000c3200000| Untracked 
|  33|0x00000000c3300000, 0x00000000c3300000, 0x00000000c3400000|  0%| F|  |TAMS 0x00000000c3300000, 0x00000000c3300000| Untracked 
|  34|0x00000000c3400000, 0x00000000c3400000, 0x00000000c3500000|  0%| F|  |TAMS 0x00000000c3400000, 0x00000000c3400000| Untracked 
|  35|0x00000000c3500000, 0x00000000c3500000, 0x00000000c3600000|  0%| F|  |TAMS 0x00000000c3500000, 0x00000000c3500000| Untracked 
|  36|0x00000000c3600000, 0x00000000c3600000, 0x00000000c3700000|  0%| F|  |TAMS 0x00000000c3600000, 0x00000000c3600000| Untracked 
|  37|0x00000000c3700000, 0x00000000c3700000, 0x00000000c3800000|  0%| F|  |TAMS 0x00000000c3700000, 0x00000000c3700000| Untracked 
|  38|0x00000000c3800000, 0x00000000c3800000, 0x00000000c3900000|  0%| F|  |TAMS 0x00000000c3800000, 0x00000000c3800000| Untracked 
|  39|0x00000000c3900000, 0x00000000c3900000, 0x00000000c3a00000|  0%| F|  |TAMS 0x00000000c3900000, 0x00000000c3900000| Untracked 
|  40|0x00000000c3a00000, 0x00000000c3a00000, 0x00000000c3b00000|  0%| F|  |TAMS 0x00000000c3a00000, 0x00000000c3a00000| Untracked 
|  41|0x00000000c3b00000, 0x00000000c3b00000, 0x00000000c3c00000|  0%| F|  |TAMS 0x00000000c3b00000, 0x00000000c3b00000| Untracked 
|  42|0x00000000c3c00000, 0x00000000c3c00000, 0x00000000c3d00000|  0%| F|  |TAMS 0x00000000c3c00000, 0x00000000c3c00000| Untracked 
|  43|0x00000000c3d00000, 0x00000000c3d00000, 0x00000000c3e00000|  0%| F|  |TAMS 0x00000000c3d00000, 0x00000000c3d00000| Untracked 
|  44|0x00000000c3e00000, 0x00000000c3e00000, 0x00000000c3f00000|  0%| F|  |TAMS 0x00000000c3e00000, 0x00000000c3e00000| Untracked 
|  45|0x00000000c3f00000, 0x00000000c3f00000, 0x00000000c4000000|  0%| F|  |TAMS 0x00000000c3f00000, 0x00000000c3f00000| Untracked 
|  46|0x00000000c4000000, 0x00000000c4000000, 0x00000000c4100000|  0%| F|  |TAMS 0x00000000c4000000, 0x00000000c4000000| Untracked 
|  47|0x00000000c4100000, 0x00000000c4100000, 0x00000000c4200000|  0%| F|  |TAMS 0x00000000c4100000, 0x00000000c4100000| Untracked 
|  48|0x00000000c4200000, 0x00000000c4200000, 0x00000000c4300000|  0%| F|  |TAMS 0x00000000c4200000, 0x00000000c4200000| Untracked 
|  49|0x00000000c4300000, 0x00000000c4400000, 0x00000000c4400000|100%| S|CS|TAMS 0x00000000c4300000, 0x00000000c4300000| Complete 
|  50|0x00000000c4400000, 0x00000000c4500000, 0x00000000c4500000|100%| S|CS|TAMS 0x00000000c4400000, 0x00000000c4400000| Complete 
|  51|0x00000000c4500000, 0x00000000c4500000, 0x00000000c4600000|  0%| F|  |TAMS 0x00000000c4500000, 0x00000000c4500000| Untracked 
|  52|0x00000000c4600000, 0x00000000c4600000, 0x00000000c4700000|  0%| F|  |TAMS 0x00000000c4600000, 0x00000000c4600000| Untracked 
|  53|0x00000000c4700000, 0x00000000c4700000, 0x00000000c4800000|  0%| F|  |TAMS 0x00000000c4700000, 0x00000000c4700000| Untracked 
|  54|0x00000000c4800000, 0x00000000c4800000, 0x00000000c4900000|  0%| F|  |TAMS 0x00000000c4800000, 0x00000000c4800000| Untracked 
|  55|0x00000000c4900000, 0x00000000c4900000, 0x00000000c4a00000|  0%| F|  |TAMS 0x00000000c4900000, 0x00000000c4900000| Untracked 
|  56|0x00000000c4a00000, 0x00000000c4a00000, 0x00000000c4b00000|  0%| F|  |TAMS 0x00000000c4a00000, 0x00000000c4a00000| Untracked 
|  57|0x00000000c4b00000, 0x00000000c4b00000, 0x00000000c4c00000|  0%| F|  |TAMS 0x00000000c4b00000, 0x00000000c4b00000| Untracked 
|  58|0x00000000c4c00000, 0x00000000c4c00000, 0x00000000c4d00000|  0%| F|  |TAMS 0x00000000c4c00000, 0x00000000c4c00000| Untracked 
|  59|0x00000000c4d00000, 0x00000000c4d00000, 0x00000000c4e00000|  0%| F|  |TAMS 0x00000000c4d00000, 0x00000000c4d00000| Untracked 
|  60|0x00000000c4e00000, 0x00000000c4e00000, 0x00000000c4f00000|  0%| F|  |TAMS 0x00000000c4e00000, 0x00000000c4e00000| Untracked 
|  61|0x00000000c4f00000, 0x00000000c4f00000, 0x00000000c5000000|  0%| F|  |TAMS 0x00000000c4f00000, 0x00000000c4f00000| Untracked 
|  62|0x00000000c5000000, 0x00000000c5000000, 0x00000000c5100000|  0%| F|  |TAMS 0x00000000c5000000, 0x00000000c5000000| Untracked 
|  63|0x00000000c5100000, 0x00000000c51f1500, 0x00000000c5200000| 94%| E|  |TAMS 0x00000000c5100000, 0x00000000c5100000| Complete 

Card table byte_map: [0x000002733f860000,0x000002733fa60000] _byte_map_base: 0x000002733f257000

Marking Bits (Prev, Next): (CMBitMap*) 0x000002732872b6c0, (CMBitMap*) 0x000002732872b700
 Prev Bits: [0x000002733fc60000, 0x0000027340c18000)
 Next Bits: [0x0000027340c20000, 0x0000027341bd8000)

Polling page: 0x0000027327ec0000

Metaspace:

Usage:
  Non-class:      8.92 MB used.
      Class:      1.11 MB used.
       Both:     10.03 MB used.

Virtual space:
  Non-class space:       64.00 MB reserved,       9.00 MB ( 14%) committed,  1 nodes.
      Class space:        1.00 GB reserved,       1.19 MB ( <1%) committed,  1 nodes.
             Both:        1.06 GB reserved,      10.19 MB ( <1%) committed. 

Chunk freelists:
   Non-Class:  2.38 MB
       Class:  2.66 MB
        Both:  5.03 MB

MaxMetaspaceSize: unlimited
CompressedClassSpaceSize: 1.00 GB
Initial GC threshold: 21.00 MB
Current GC threshold: 21.00 MB
CDS: on
MetaspaceReclaimPolicy: balanced
 - commit_granule_bytes: 65536.
 - commit_granule_words: 8192.
 - virtual_space_node_default_size: 8388608.
 - enlarge_chunks_in_place: 1.
 - new_chunks_are_fully_committed: 0.
 - uncommit_free_chunks: 1.
 - use_allocation_guard: 0.


Internal statistics:

num_allocs_failed_limit: 0.
num_arena_births: 148.
num_arena_deaths: 0.
num_vsnodes_births: 2.
num_vsnodes_deaths: 0.
num_space_committed: 163.
num_space_uncommitted: 0.
num_chunks_returned_to_freelist: 0.
num_chunks_taken_from_freelist: 267.
num_chunk_merges: 0.
num_chunk_splits: 173.
num_chunks_enlarged: 118.
num_inconsistent_stats: 0.

CodeHeap 'non-profiled nmethods': size=120000Kb used=358Kb max_used=358Kb free=119642Kb
 bounds [0x0000027338130000, 0x00000273383a0000, 0x000002733f660000]
CodeHeap 'profiled nmethods': size=120000Kb used=1586Kb max_used=1586Kb free=118413Kb
 bounds [0x0000027330660000, 0x00000273308d0000, 0x0000027337b90000]
CodeHeap 'non-nmethods': size=5760Kb used=1345Kb max_used=1355Kb free=4414Kb
 bounds [0x0000027337b90000, 0x0000027337e00000, 0x0000027338130000]
 total_blobs=1632 nmethods=1045 adapters=498
 compilation: enabled
              stopped_count=0, restarted_count=0
 full_count=0

Compilation events (20 events):
Event: 3.203 Thread 0x0000027344065580 nmethod 1037 0x0000027338187210 code [0x00000273381873a0, 0x0000027338187458]
Event: 3.203 Thread 0x0000027344065580 1038       1       java.security.Provider$Service::getClassName (5 bytes)
Event: 3.203 Thread 0x0000027344065580 nmethod 1038 0x0000027338187510 code [0x00000273381876a0, 0x0000027338187758]
Event: 3.207 Thread 0x0000027344065580 1039       3       java.lang.ref.ReferenceQueue::poll0 (65 bytes)
Event: 3.208 Thread 0x0000027344065580 nmethod 1039 0x00000273307e8910 code [0x00000273307e8ae0, 0x00000273307e9018]
Event: 3.208 Thread 0x0000027344065580 1040   !   3       java.util.concurrent.ConcurrentHashMap::replaceNode (437 bytes)
Event: 3.211 Thread 0x0000027344065580 nmethod 1040 0x00000273307e9110 code [0x00000273307e9480, 0x00000273307ead58]
Event: 3.211 Thread 0x0000027344065580 1041       3       java.util.concurrent.ConcurrentHashMap::remove (8 bytes)
Event: 3.212 Thread 0x0000027344065580 nmethod 1041 0x00000273307eba90 code [0x00000273307ebc40, 0x00000273307ebd88]
Event: 3.214 Thread 0x0000027344061b60 nmethod 1026 0x0000027338187810 code [0x00000273381879a0, 0x0000027338187cb8]
Event: 3.214 Thread 0x0000027344061b60 1035       4       java.lang.Integer::parseInt (264 bytes)
Event: 3.226 Thread 0x0000027344061b60 nmethod 1035 0x0000027338187e90 code [0x0000027338188040, 0x0000027338188418]
Event: 3.226 Thread 0x0000027344061b60 1025       4       java.lang.Character::digit (6 bytes)
Event: 3.230 Thread 0x0000027344061b60 nmethod 1025 0x0000027338188990 code [0x0000027338188b20, 0x0000027338188c18]
Event: 3.255 Thread 0x0000027344061b60 1042       4       java.lang.StringLatin1::indexOf (36 bytes)
Event: 3.257 Thread 0x0000027344065580 1043       3       java.lang.String::trim (35 bytes)
Event: 3.258 Thread 0x0000027344065580 nmethod 1043 0x00000273307ebe10 code [0x00000273307ebfe0, 0x00000273307ec2b8]
Event: 3.258 Thread 0x0000027344065580 1044       3       java.lang.StringLatin1::trim (76 bytes)
Event: 3.258 Thread 0x0000027344065580 nmethod 1044 0x00000273307ec390 code [0x00000273307ec560, 0x00000273307ec948]
Event: 3.260 Thread 0x0000027344061b60 nmethod 1042 0x0000027338188d90 code [0x0000027338188f20, 0x00000273381890d8]

GC Heap History (2 events):
Event: 3.140 GC heap before
{Heap before GC invocations=0 (full 0):
 garbage-first heap   total 65536K, used 12288K [0x00000000c1200000, 0x0000000100000000)
  region size 1024K, 13 young (13312K), 0 survivors (0K)
 Metaspace       used 9861K, committed 10112K, reserved 1114112K
  class space    used 1091K, committed 1216K, reserved 1048576K
}
Event: 3.172 GC heap after
{Heap after GC invocations=1 (full 0):
 garbage-first heap   total 65536K, used 3296K [0x00000000c1200000, 0x0000000100000000)
  region size 1024K, 2 young (2048K), 2 survivors (2048K)
 Metaspace       used 9861K, committed 10112K, reserved 1114112K
  class space    used 1091K, committed 1216K, reserved 1048576K
}

Dll operation events (9 events):
Event: 0.152 Loaded shared library C:\Program Files\Java\jdk-19\bin\java.dll
Event: 0.233 Loaded shared library C:\Program Files\Java\jdk-19\bin\jsvml.dll
Event: 0.565 Loaded shared library C:\Program Files\Java\jdk-19\bin\net.dll
Event: 0.575 Loaded shared library C:\Program Files\Java\jdk-19\bin\nio.dll
Event: 0.736 Loaded shared library C:\Program Files\Java\jdk-19\bin\zip.dll
Event: 0.823 Loaded shared library C:\Program Files\Java\jdk-19\bin\jimage.dll
Event: 0.914 Loaded shared library C:\Program Files\Java\jdk-19\bin\awt.dll
Event: 2.511 Loaded shared library C:\Program Files\Java\jdk-19\bin\extnet.dll
Event: 3.084 Loaded shared library C:\Program Files\Java\jdk-19\bin\sunmscapi.dll

Deoptimization events (20 events):
Event: 2.701 Thread 0x000002734875b640 Uncommon trap: trap_request=0xffffff45 fr.pc=0x000002733817835c relative=0x00000000000000bc
Event: 2.701 Thread 0x000002734875b640 Uncommon trap: reason=unstable_if action=reinterpret pc=0x000002733817835c method=java.util.concurrent.locks.ReentrantLock$Sync.tryRelease(I)Z @ 26 c2
Event: 2.701 Thread 0x000002734875b640 DEOPT PACKING pc=0x000002733817835c sp=0x0000009d0b7ff3f0
Event: 2.701 Thread 0x000002734875b640 DEOPT UNPACKING pc=0x0000027337bf6da3 sp=0x0000009d0b7ff390 mode 2
Event: 2.872 Thread 0x00000273286e74e0 Uncommon trap: trap_request=0xffffffde fr.pc=0x0000027338175f2c relative=0x000000000000120c
Event: 2.872 Thread 0x00000273286e74e0 Uncommon trap: reason=class_check action=maybe_recompile pc=0x0000027338175f2c method=java.util.Properties$LineReader.readLine()I @ 70 c2
Event: 2.872 Thread 0x00000273286e74e0 DEOPT PACKING pc=0x0000027338175f2c sp=0x0000009d0a1fe0e0
Event: 2.872 Thread 0x00000273286e74e0 DEOPT UNPACKING pc=0x0000027337bf6da3 sp=0x0000009d0a1fe070 mode 2
Event: 2.873 Thread 0x00000273286e74e0 Uncommon trap: trap_request=0xffffff45 fr.pc=0x0000027338175aac relative=0x0000000000000d8c
Event: 2.873 Thread 0x00000273286e74e0 Uncommon trap: reason=unstable_if action=reinterpret pc=0x0000027338175aac method=java.util.Properties$LineReader.readLine()I @ 153 c2
Event: 2.873 Thread 0x00000273286e74e0 DEOPT PACKING pc=0x0000027338175aac sp=0x0000009d0a1fe0e0
Event: 2.873 Thread 0x00000273286e74e0 DEOPT UNPACKING pc=0x0000027337bf6da3 sp=0x0000009d0a1fe078 mode 2
Event: 2.873 Thread 0x00000273286e74e0 Uncommon trap: trap_request=0xffffff45 fr.pc=0x0000027338163fdc relative=0x000000000000075c
Event: 2.873 Thread 0x00000273286e74e0 Uncommon trap: reason=unstable_if action=reinterpret pc=0x0000027338163fdc method=java.util.Properties$LineReader.readLine()I @ 117 c2
Event: 2.873 Thread 0x00000273286e74e0 DEOPT PACKING pc=0x0000027338163fdc sp=0x0000009d0a1fe0e0
Event: 2.873 Thread 0x00000273286e74e0 DEOPT UNPACKING pc=0x0000027337bf6da3 sp=0x0000009d0a1fe080 mode 2
Event: 3.115 Thread 0x00000273286e74e0 Uncommon trap: trap_request=0xffffff45 fr.pc=0x000002733817c978 relative=0x0000000000000258
Event: 3.115 Thread 0x00000273286e74e0 Uncommon trap: reason=unstable_if action=reinterpret pc=0x000002733817c978 method=java.util.HashMap.putVal(ILjava/lang/Object;Ljava/lang/Object;ZZ)Ljava/lang/Object; @ 162 c2
Event: 3.116 Thread 0x00000273286e74e0 DEOPT PACKING pc=0x000002733817c978 sp=0x0000009d0a1fd7c0
Event: 3.116 Thread 0x00000273286e74e0 DEOPT UNPACKING pc=0x0000027337bf6da3 sp=0x0000009d0a1fd6f8 mode 2

Classes loaded (20 events):
Event: 3.260 Loading class sun/security/util/DisabledAlgorithmConstraints$DenyAfterConstraint
Event: 3.260 Loading class sun/security/util/DisabledAlgorithmConstraints$DenyAfterConstraint done
Event: 3.270 Loading class java/time/ZonedDateTime
Event: 3.271 Loading class java/time/chrono/ChronoZonedDateTime
Event: 3.273 Loading class java/time/chrono/ChronoZonedDateTime done
Event: 3.274 Loading class java/time/ZonedDateTime done
Event: 3.284 Loading class java/time/zone/ZoneOffsetTransition
Event: 3.285 Loading class java/time/zone/ZoneOffsetTransition done
Event: 3.285 Loading class java/util/Collections$SingletonList
Event: 3.286 Loading class java/util/Collections$SingletonList done
Event: 3.287 Loading class java/security/CryptoPrimitive
Event: 3.288 Loading class java/security/CryptoPrimitive done
Event: 3.289 Loading class sun/security/ssl/CipherSuite
Event: 3.292 Loading class sun/security/ssl/CipherSuite done
Event: 3.293 Loading class sun/security/ssl/SSLCipher
Event: 3.296 Loading class sun/security/ssl/SSLCipher done
Event: 3.297 Loading class sun/security/ssl/CipherType
Event: 3.298 Loading class sun/security/ssl/CipherType done
Event: 3.298 Loading class sun/security/ssl/SSLCipher$NullReadCipherGenerator
Event: 3.299 Loading class sun/security/ssl/SSLCipher$ReadCipherGenerator

Classes unloaded (0 events):
No events

Classes redefined (0 events):
No events

Internal exceptions (20 events):
Event: 0.588 Thread 0x00000273286e74e0 Exception <a 'sun/nio/fs/WindowsException'{0x00000000c5041778}> (0x00000000c5041778) 
thrown [s\open\src\hotspot\share\prims\jni.cpp, line 517]
Event: 0.591 Thread 0x00000273286e74e0 Exception <a 'sun/nio/fs/WindowsException'{0x00000000c5041d08}> (0x00000000c5041d08) 
thrown [s\open\src\hotspot\share\prims\jni.cpp, line 517]
Event: 0.605 Thread 0x00000273286e74e0 Exception <a 'sun/nio/fs/WindowsException'{0x00000000c5086e28}> (0x00000000c5086e28) 
thrown [s\open\src\hotspot\share\prims\jni.cpp, line 517]
Event: 0.605 Thread 0x00000273286e74e0 Exception <a 'sun/nio/fs/WindowsException'{0x00000000c5087960}> (0x00000000c5087960) 
thrown [s\open\src\hotspot\share\prims\jni.cpp, line 517]
Event: 0.606 Thread 0x00000273286e74e0 Exception <a 'sun/nio/fs/WindowsException'{0x00000000c50884d8}> (0x00000000c50884d8) 
thrown [s\open\src\hotspot\share\prims\jni.cpp, line 517]
Event: 0.858 Thread 0x00000273286e74e0 Exception <a 'java/lang/ClassNotFoundException'{0x00000000c4f52fa0}: sun/awt/resources/spi/awtProvider> (0x00000000c4f52fa0) 
thrown [s\open\src\hotspot\share\classfile\systemDictionary.cpp, line 255]
Event: 0.949 Thread 0x00000273286e74e0 Exception <a 'java/io/FileNotFoundException'{0x00000000c4faa7a8}> (0x00000000c4faa7a8) 
thrown [s\open\src\hotspot\share\prims\jni.cpp, line 517]
Event: 0.965 Thread 0x00000273286e74e0 Exception <a 'java/io/FileNotFoundException'{0x00000000c4fd6ef8}> (0x00000000c4fd6ef8) 
thrown [s\open\src\hotspot\share\prims\jni.cpp, line 517]
Event: 1.125 Thread 0x00000273286e74e0 Exception <a 'java/lang/NoSuchMethodError'{0x00000000c4e1c380}: 'java.lang.Object java.lang.invoke.DirectMethodHandle$Holder.invokeStaticInit(java.lang.Object)'> (0x00000000c4e1c380) 
thrown [s\open\src\hotspot\share\interpreter\linkResolver.cpp, line 774]
Event: 1.296 Thread 0x00000273286e74e0 Exception <a 'java/lang/NoSuchMethodError'{0x00000000c4ef61d8}: 'void java.lang.invoke.DirectMethodHandle$Holder.invokeSpecial(java.lang.Object, java.lang.Object, java.lang.Object)'> (0x00000000c4ef61d8) 
thrown [s\open\src\hotspot\share\interpreter\linkResolver.cpp, line 774]
Event: 1.326 Thread 0x00000273286e74e0 Exception <a 'java/lang/NoSuchMethodError'{0x00000000c4d21180}: 'java.lang.Object java.lang.invoke.DirectMethodHandle$Holder.newInvokeSpecial(java.lang.Object, java.lang.Object, java.lang.Object, java.lang.Object, java.lang.Object)'> (0x00000000c4d21180) 
thrown [s\open\src\hotspot\share\interpreter\linkResolver.cpp, line 774]
Event: 1.353 Thread 0x00000273286e74e0 Exception <a 'java/lang/NoSuchMethodError'{0x00000000c4d52ac8}: 'java.lang.Object java.lang.invoke.DirectMethodHandle$Holder.invokeStatic(java.lang.Object, int, java.lang.Object)'> (0x00000000c4d52ac8) 
thrown [s\open\src\hotspot\share\interpreter\linkResolver.cpp, line 774]
Event: 1.430 Thread 0x00000273286e74e0 Exception <a 'java/lang/ClassNotFoundException'{0x00000000c4c0eef0}: com/sun/swing/internal/plaf/metal/resources/spi/metalProvider> (0x00000000c4c0eef0) 
thrown [s\open\src\hotspot\share\classfile\systemDictionary.cpp, line 255]
Event: 1.434 Thread 0x00000273286e74e0 Exception <a 'java/lang/ClassNotFoundException'{0x00000000c4c12ec0}: com/sun/swing/internal/plaf/basic/resources/spi/basicProvider> (0x00000000c4c12ec0) 
thrown [s\open\src\hotspot\share\classfile\systemDictionary.cpp, line 255]
Event: 1.474 Thread 0x00000273286e74e0 Exception <a 'java/lang/NoSuchMethodError'{0x00000000c4c32b80}: 'int java.lang.invoke.Invokers$Holder.invokeExact_MT(java.lang.Object, java.lang.Object)'> (0x00000000c4c32b80) 
thrown [s\open\src\hotspot\share\interpreter\linkResolver.cpp, line 774]
Event: 2.006 Thread 0x00000273286e74e0 Exception <a 'java/lang/NoSuchMethodError'{0x00000000c4b99cf0}: 'java.lang.Object java.lang.invoke.DirectMethodHandle$Holder.invokeInterface(java.lang.Object, java.lang.Object)'> (0x00000000c4b99cf0) 
thrown [s\open\src\hotspot\share\interpreter\linkResolver.cpp, line 774]
Event: 2.108 Thread 0x00000273286e74e0 Exception <a 'java/lang/NoSuchMethodError'{0x00000000c4a143a0}: 'void java.lang.invoke.DirectMethodHandle$Holder.invokeStatic(java.lang.Object, java.lang.Object, java.lang.Object)'> (0x00000000c4a143a0) 
thrown [s\open\src\hotspot\share\interpreter\linkResolver.cpp, line 774]
Event: 2.117 Thread 0x00000273286e74e0 Exception <a 'java/lang/NoSuchMethodError'{0x00000000c4a1e188}: 'java.lang.Object java.lang.invoke.DirectMethodHandle$Holder.invokeVirtual(java.lang.Object, java.lang.Object, java.lang.Object)'> (0x00000000c4a1e188) 
thrown [s\open\src\hotspot\share\interpreter\linkResolver.cpp, line 774]
Event: 2.516 Thread 0x00000273286e74e0 Exception <a 'java/lang/NoSuchMethodError'{0x00000000c4762278}: 'void java.lang.invoke.DirectMethodHandle$Holder.invokeStatic(java.lang.Object, java.lang.Object)'> (0x00000000c4762278) 
thrown [s\open\src\hotspot\share\interpreter\linkResolver.cpp, line 774]
Event: 2.877 Thread 0x00000273286e74e0 Exception <a 'java/lang/NoSuchMethodError'{0x00000000c455b008}: 'void java.lang.invoke.DirectMethodHandle$Holder.invokeStaticInit(java.lang.Object, java.lang.Object)'> (0x00000000c455b008) 
thrown [s\open\src\hotspot\share\interpreter\linkResolver.cpp, line 774]

VM Operations (18 events):
Event: 0.608 Executing VM operation: HandshakeAllThreads
Event: 0.608 Executing VM operation: HandshakeAllThreads done
Event: 0.991 Executing VM operation: HandshakeAllThreads
Event: 0.991 Executing VM operation: HandshakeAllThreads done
Event: 1.580 Executing VM operation: HandshakeAllThreads
Event: 1.580 Executing VM operation: HandshakeAllThreads done
Event: 1.580 Executing VM operation: Cleanup
Event: 1.580 Executing VM operation: Cleanup done
Event: 1.891 Executing VM operation: HandshakeAllThreads
Event: 1.891 Executing VM operation: HandshakeAllThreads done
Event: 2.407 Executing VM operation: HandshakeAllThreads
Event: 2.407 Executing VM operation: HandshakeAllThreads done
Event: 2.699 Executing VM operation: HandshakeAllThreads
Event: 2.699 Executing VM operation: HandshakeAllThreads done
Event: 2.699 Executing VM operation: Cleanup
Event: 2.699 Executing VM operation: Cleanup done
Event: 3.140 Executing VM operation: G1CollectForAllocation
Event: 3.172 Executing VM operation: G1CollectForAllocation done

Events (19 events):
Event: 0.234 Thread 0x00000273286e74e0 Thread added: 0x00000273286e74e0
Event: 0.325 Thread 0x0000027344036870 Thread added: 0x0000027344036870
Event: 0.325 Thread 0x0000027344037410 Thread added: 0x0000027344037410
Event: 0.334 Thread 0x000002734403fea0 Thread added: 0x000002734403fea0
Event: 0.335 Thread 0x0000027344060590 Thread added: 0x0000027344060590
Event: 0.335 Thread 0x0000027344060ad0 Thread added: 0x0000027344060ad0
Event: 0.335 Thread 0x00000273440612f0 Thread added: 0x00000273440612f0
Event: 0.335 Thread 0x0000027344061b60 Thread added: 0x0000027344061b60
Event: 0.336 Thread 0x0000027344065580 Thread added: 0x0000027344065580
Event: 0.337 Thread 0x0000027344096800 Thread added: 0x0000027344096800
Event: 0.504 Thread 0x0000027348420a10 Thread added: 0x0000027348420a10
Event: 0.669 Thread 0x00000273485cd2b0 Thread added: 0x00000273485cd2b0
Event: 1.131 Thread 0x00000273485aa810 Thread added: 0x00000273485aa810
Event: 1.133 Thread 0x00000273486e15a0 Thread added: 0x00000273486e15a0
Event: 1.137 Thread 0x00000273486e3af0 Thread added: 0x00000273486e3af0
Event: 1.689 Thread 0x000002734875b640 Thread added: 0x000002734875b640
Event: 1.741 Thread 0x0000027348711050 Thread added: 0x0000027348711050
Event: 2.700 Thread 0x00000273486e15a0 Thread exited: 0x00000273486e15a0
Event: 2.701 Thread 0x000002734875b640 Thread exited: 0x000002734875b640


Dynamic libraries:
0x00007ff792200000 - 0x00007ff792210000 	C:\Program Files\Java\jdk-19\bin\java.exe
0x00007ff82a610000 - 0x00007ff82a808000 	C:\Windows\SYSTEM32\ntdll.dll
0x00007ff828650000 - 0x00007ff82870f000 	C:\Windows\System32\KERNEL32.DLL
0x00007ff8281a0000 - 0x00007ff828472000 	C:\Windows\System32\KERNELBASE.dll
0x00007ff828480000 - 0x00007ff828580000 	C:\Windows\System32\ucrtbase.dll
0x00007ff825460000 - 0x00007ff825478000 	C:\Program Files\Java\jdk-19\bin\jli.dll
0x00007ff829df0000 - 0x00007ff829e9e000 	C:\Windows\System32\ADVAPI32.dll
0x00007ff821380000 - 0x00007ff82139b000 	C:\Program Files\Java\jdk-19\bin\VCRUNTIME140.dll
0x00007ff82a2a0000 - 0x00007ff82a33e000 	C:\Windows\System32\msvcrt.dll
0x00007ff828ec0000 - 0x00007ff828f5c000 	C:\Windows\System32\sechost.dll
0x00007ff82a4a0000 - 0x00007ff82a5c5000 	C:\Windows\System32\RPCRT4.dll
0x00007ff829210000 - 0x00007ff8293b1000 	C:\Windows\System32\USER32.dll
0x00007ff828620000 - 0x00007ff828642000 	C:\Windows\System32\win32u.dll
0x00007ff829a60000 - 0x00007ff829a8b000 	C:\Windows\System32\GDI32.dll
0x00007ff828000000 - 0x00007ff82810f000 	C:\Windows\System32\gdi32full.dll
0x00007ff828580000 - 0x00007ff82861d000 	C:\Windows\System32\msvcp_win.dll
0x00007ff8141a0000 - 0x00007ff81443a000 	C:\Windows\WinSxS\amd64_microsoft.windows.common-controls_6595b64144ccf1df_6.0.19041.1110_none_60b5254171f9507e\COMCTL32.dll
0x00007ff816670000 - 0x00007ff81667a000 	C:\Windows\SYSTEM32\VERSION.dll
0x00007ff82a260000 - 0x00007ff82a292000 	C:\Windows\System32\IMM32.DLL
0x00007ff8214a0000 - 0x00007ff8214ac000 	C:\Program Files\Java\jdk-19\bin\vcruntime140_1.dll
0x00007ff809230000 - 0x00007ff8092be000 	C:\Program Files\Java\jdk-19\bin\msvcp140.dll
0x00007fffd0d20000 - 0x00007fffd19e0000 	C:\Program Files\Java\jdk-19\bin\server\jvm.dll
0x00007ff823260000 - 0x00007ff823269000 	C:\Windows\SYSTEM32\WSOCK32.dll
0x00007ff816600000 - 0x00007ff816627000 	C:\Windows\SYSTEM32\WINMM.dll
0x00007ff8294d0000 - 0x00007ff82953b000 	C:\Windows\System32\WS2_32.dll
0x00007ff825bc0000 - 0x00007ff825bd2000 	C:\Windows\SYSTEM32\kernel.appcore.dll
0x00007ff821490000 - 0x00007ff82149a000 	C:\Program Files\Java\jdk-19\bin\jimage.dll
0x00007ff817560000 - 0x00007ff817744000 	C:\Windows\SYSTEM32\DBGHELP.DLL
0x00007ff815fc0000 - 0x00007ff815ff5000 	C:\Windows\SYSTEM32\dbgcore.DLL
0x00007ff828110000 - 0x00007ff828192000 	C:\Windows\System32\bcryptPrimitives.dll
0x00007ff813870000 - 0x00007ff813896000 	C:\Program Files\Java\jdk-19\bin\java.dll
0x00007ff809460000 - 0x00007ff809537000 	C:\Program Files\Java\jdk-19\bin\jsvml.dll
0x00007ff828710000 - 0x00007ff828e54000 	C:\Windows\System32\SHELL32.dll
0x00007ff825dc0000 - 0x00007ff826552000 	C:\Windows\SYSTEM32\windows.storage.dll
0x00007ff829a90000 - 0x00007ff829de5000 	C:\Windows\System32\combase.dll
0x00007ff827760000 - 0x00007ff827790000 	C:\Windows\SYSTEM32\Wldp.dll
0x00007ff829420000 - 0x00007ff8294cd000 	C:\Windows\System32\SHCORE.dll
0x00007ff8293c0000 - 0x00007ff829415000 	C:\Windows\System32\shlwapi.dll
0x00007ff827c40000 - 0x00007ff827c5f000 	C:\Windows\SYSTEM32\profapi.dll
0x00007ff821360000 - 0x00007ff821373000 	C:\Program Files\Java\jdk-19\bin\net.dll
0x00007ff81c4b0000 - 0x00007ff81c5bc000 	C:\Windows\SYSTEM32\WINHTTP.dll
0x00007ff8274c0000 - 0x00007ff82752a000 	C:\Windows\system32\mswsock.dll
0x00007ff821100000 - 0x00007ff821116000 	C:\Program Files\Java\jdk-19\bin\nio.dll
0x00007ff820bc0000 - 0x00007ff820bd8000 	C:\Program Files\Java\jdk-19\bin\zip.dll
0x00007ff8092c0000 - 0x00007ff809451000 	C:\Program Files\Java\jdk-19\bin\awt.dll
0x00007ff82a3d0000 - 0x00007ff82a49d000 	C:\Windows\System32\OLEAUT32.dll
0x00007ff8255e0000 - 0x00007ff825671000 	C:\Windows\SYSTEM32\apphelp.dll
0x00007ff825ab0000 - 0x00007ff825adf000 	C:\Windows\system32\DWMAPI.DLL
0x00007ff8256f0000 - 0x00007ff82578e000 	C:\Windows\system32\uxtheme.dll
0x00007ff810c00000 - 0x00007ff810d25000 	C:\Windows\system32\opengl32.dll
0x00007ff8106f0000 - 0x00007ff81071c000 	C:\Windows\SYSTEM32\GLU32.dll
0x00007ff82a130000 - 0x00007ff82a245000 	C:\Windows\System32\MSCTF.dll
0x00007ff829070000 - 0x00007ff82919a000 	C:\Windows\System32\ole32.dll
0x00007ff8271a0000 - 0x00007ff82726a000 	C:\Windows\SYSTEM32\DNSAPI.dll
0x00007ff827160000 - 0x00007ff82719b000 	C:\Windows\SYSTEM32\IPHLPAPI.DLL
0x00007ff829200000 - 0x00007ff829208000 	C:\Windows\System32\NSI.dll
0x00007ff819af0000 - 0x00007ff819afa000 	C:\Windows\System32\rasadhlp.dll
0x00007ff81a360000 - 0x00007ff81a3e0000 	C:\Windows\System32\fwpuclnt.dll
0x00007ff827d00000 - 0x00007ff827d27000 	C:\Windows\System32\bcrypt.dll
0x00007ff813860000 - 0x00007ff813868000 	C:\Program Files\Java\jdk-19\bin\extnet.dll
0x00007ff823740000 - 0x00007ff82374e000 	C:\Program Files\Java\jdk-19\bin\sunmscapi.dll
0x00007ff827ea0000 - 0x00007ff827ff6000 	C:\Windows\System32\CRYPT32.dll
0x00007ff8277d0000 - 0x00007ff8277f7000 	C:\Windows\SYSTEM32\ncrypt.dll
0x00007ff827790000 - 0x00007ff8277cb000 	C:\Windows\SYSTEM32\NTASN1.dll

dbghelp: loaded successfully - version: 4.0.5 - missing functions: none
symbol engine: initialized successfully - sym options: 0x614 - pdb path: .;C:\Program Files\Java\jdk-19\bin;C:\Windows\SYSTEM32;C:\Windows\WinSxS\amd64_microsoft.windows.common-controls_6595b64144ccf1df_6.0.19041.1110_none_60b5254171f9507e;C:\Program Files\Java\jdk-19\bin\server

VM Arguments:
jvm_args: -Dfile.encoding=UTF-8 --module-path=C:\Users\acer\Documents\NetBeansProjects\University Management System\build\classes 
java_command: university.management.system.ExaminationDetails
java_class_path (initial): C:\Users\acer\Documents\NetBeansProjects\University Management System\src\Jar\mysql-connector-java-8.0.28.jar;C:\Users\acer\Documents\NetBeansProjects\University Management System\src\Jar\jcalendar-tz-1.3.3-4.jar;C:\Users\acer\Documents\NetBeansProjects\University Management System\src\Jar\rs2xml.jar;C:\Users\acer\Documents\NetBeansProjects\University Management System\build\classes
Launcher Type: SUN_STANDARD

[Global flags]
     intx CICompilerCount                          = 3                                         {product} {ergonomic}
     uint ConcGCThreads                            = 1                                         {product} {ergonomic}
     uint G1ConcRefinementThreads                  = 4                                         {product} {ergonomic}
   size_t G1HeapRegionSize                         = 1048576                                   {product} {ergonomic}
    uintx GCDrainStackTargetSize                   = 64                                        {product} {ergonomic}
   size_t InitialHeapSize                          = 67108864                                  {product} {ergonomic}
   size_t MarkStackSize                            = 4194304                                   {product} {ergonomic}
   size_t MaxHeapSize                              = 1054867456                                {product} {ergonomic}
   size_t MaxNewSize                               = 632291328                                 {product} {ergonomic}
   size_t MinHeapDeltaBytes                        = 1048576                                   {product} {ergonomic}
   size_t MinHeapSize                              = 8388608                                   {product} {ergonomic}
    uintx NonNMethodCodeHeapSize                   = 5832780                                {pd product} {ergonomic}
    uintx NonProfiledCodeHeapSize                  = 122912730                              {pd product} {ergonomic}
    uintx ProfiledCodeHeapSize                     = 122912730                              {pd product} {ergonomic}
    uintx ReservedCodeCacheSize                    = 251658240                              {pd product} {ergonomic}
     bool SegmentedCodeCache                       = true                                      {product} {ergonomic}
   size_t SoftMaxHeapSize                          = 1054867456                             {manageable} {ergonomic}
     bool UseCompressedClassPointers               = true                           {product lp64_product} {ergonomic}
     bool UseCompressedOops                        = true                           {product lp64_product} {ergonomic}
     bool UseG1GC                                  = true                                      {product} {ergonomic}
     bool UseLargePagesIndividualAllocation        = false                                  {pd product} {ergonomic}

Logging:
Log output configuration:
 #0: stdout all=warning uptime,level,tags foldmultilines=false
 #1: stderr all=off uptime,level,tags foldmultilines=false

Environment Variables:
PATH=C:\Program Files\Common Files\Oracle\Java\javapath;C:\Python311\Scripts\;C:\Python311\;C:\Windows\system32;C:\Windows;C:\Windows\System32\Wbem;C:\Windows\System32\WindowsPowerShell\v1.0\;C:\Windows\System32\OpenSSH\;C:\Program Files\nodejs\;C:\ProgramData\chocolatey\bin;C:\Program Files\MySQL\MySQL Shell 8.0\bin\;C:\Users\acer\AppData\Local\Microsoft\WindowsApps;;C:\Users\acer\AppData\Local\Programs\Microsoft VS Code\bin;C:\Users\acer\AppData\Roaming\npm
USERNAME=acer
OS=Windows_NT
PROCESSOR_IDENTIFIER=Intel64 Family 6 Model 69 Stepping 1, GenuineIntel
TMP=C:\Users\acer\AppData\Local\Temp
TEMP=C:\Users\acer\AppData\Local\Temp



---------------  S Y S T E M  ---------------

OS:
 Windows 10 , 64 bit Build 19041 (10.0.19041.2364)
OS uptime: 15 days 5:43 hours

CPU: total 4 (initial active 4) (2 cores per cpu, 2 threads per core) family 6 model 69 stepping 1 microcode 0x25, cx8, cmov, fxsr, ht, mmx, sse, sse2, sse3, ssse3, sse4.1, sse4.2, popcnt, lzcnt, tsc, tscinvbit, avx, avx2, aes, erms, clmul, bmi1, bmi2, fma, vzeroupper, clflush, rdtscp

Memory: 4k page, system-wide physical 4019M (190M free)
TotalPageFile size 16307M (AvailPageFile size 2M)
current process WorkingSet (physical memory assigned to process): 70M, peak: 70M
current process commit charge ("private bytes"): 152M, peak: 152M

vm_info: Java HotSpot(TM) 64-Bit Server VM (19.0.1+10-21) for windows-amd64 JRE (19.0.1+10-21), built on 2022-09-14T12:45:06Z by "mach5one" with MS VC++ 17.1 (VS2022)

END.
