#
# There is insufficient memory for the Java Runtime Environment to continue.
# Native memory allocation (malloc) failed to allocate 32744 bytes for Chunk::new
# Possible reasons:
#   The system is out of physical RAM or swap space
#   The process is running with CompressedOops enabled, and the Java Heap may be blocking the growth of the native heap
# Possible solutions:
#   Reduce memory load on the system
#   Increase physical memory or swap space
#   Check if swap backing store is full
#   Decrease Java heap size (-Xmx/-Xms)
#   Decrease number of Java threads
#   Decrease Java thread stack sizes (-Xss)
#   Set larger code cache with -XX:ReservedCodeCacheSize=
#   JVM is running with Unscaled Compressed Oops mode in which the Java heap is
#     placed in the first 4GB address space. The Java Heap base address is the
#     maximum limit for the native heap growth. Please use -XX:HeapBaseMinAddress
#     to set the Java Heap base and to place the Java Heap above 4GB virtual address.
# This output file may be truncated or incomplete.
#
#  Out of Memory Error (arena.cpp:184), pid=6568, tid=15812
#
# JRE version: Java(TM) SE Runtime Environment (19.0.1+10) (build 19.0.1+10-21)
# Java VM: Java HotSpot(TM) 64-Bit Server VM (19.0.1+10-21, mixed mode, sharing, tiered, compressed oops, compressed class ptrs, g1 gc, windows-amd64)
# No core dump will be written. Minidumps are not enabled by default on client versions of Windows
#

---------------  S U M M A R Y ------------

Command Line: -Dfile.encoding=UTF-8 --module-path=C:\Users\acer\Documents\NetBeansProjects\University Management System\build\classes university.management.system.ExaminationDetails

Host: Intel(R) Core(TM) i3-4005U CPU @ 1.70GHz, 4 cores, 3G,  Windows 10 , 64 bit Build 19041 (10.0.19041.2364)
Time: Sat Feb 11 17:06:18 2023 India Standard Time elapsed time: 7.575579 seconds (0d 0h 0m 7s)

---------------  T H R E A D  ---------------

Current thread (0x0000019dd5765250):  JavaThread "C1 CompilerThread0" daemon [_thread_in_native, id=15812, stack(0x0000006f99b00000,0x0000006f99c00000)]


Current CompileTask:
C1:   7576 1808   !   3       java.awt.DefaultKeyboardFocusManager::dispatchEvent (1625 bytes)

Stack: [0x0000006f99b00000,0x0000006f99c00000]
Native frames: (J=compiled Java code, j=interpreted, Vv=VM code, C=native code)
V  [jvm.dll+0x6ee8fa]
V  [jvm.dll+0x857a1e]
V  [jvm.dll+0x85940e]
V  [jvm.dll+0x859ac3]
V  [jvm.dll+0x28291f]
V  [jvm.dll+0xc9b5f]
V  [jvm.dll+0xc9ee5]
V  [jvm.dll+0x148c35]
V  [jvm.dll+0x1a7631]
V  [jvm.dll+0x1a7c23]
V  [jvm.dll+0x161743]
V  [jvm.dll+0x161022]
V  [jvm.dll+0x161278]
V  [jvm.dll+0x1606d6]
V  [jvm.dll+0x1623cd]
V  [jvm.dll+0x25b0fa]
V  [jvm.dll+0x259588]
V  [jvm.dll+0x807928]
V  [jvm.dll+0x8015fa]
V  [jvm.dll+0x6ed5eb]
C  [ucrtbase.dll+0x21bb2]
C  [KERNEL32.DLL+0x17614]
C  [ntdll.dll+0x526a1]


---------------  P R O C E S S  ---------------

Threads class SMR info:
_java_thread_list=0x0000019dda932f10, length=18, elements={
0x0000019dd574a4d0, 0x0000019dd574b260, 0x0000019dd574f540, 0x0000019dd5750010,
0x0000019dd5751280, 0x0000019dd575ccc0, 0x0000019dd575e0c0, 0x0000019dd5765250,
0x0000019dd5773fd0, 0x0000019dd573d5f0, 0x0000019dd9d09850, 0x0000019dd9e8aa60,
0x0000019dd9ebd190, 0x0000019dd9f87590, 0x0000019dda86c980, 0x0000019dda86cec0,
0x0000019db9df99f0, 0x0000019ddaa105d0
}

Java Threads: ( => current thread )
  0x0000019dd574a4d0 JavaThread "Reference Handler" daemon [_thread_blocked, id=12180, stack(0x0000006f99400000,0x0000006f99500000)]
  0x0000019dd574b260 JavaThread "Finalizer" daemon [_thread_blocked, id=3176, stack(0x0000006f99500000,0x0000006f99600000)]
  0x0000019dd574f540 JavaThread "Signal Dispatcher" daemon [_thread_blocked, id=624, stack(0x0000006f99600000,0x0000006f99700000)]
  0x0000019dd5750010 JavaThread "Attach Listener" daemon [_thread_blocked, id=13844, stack(0x0000006f99700000,0x0000006f99800000)]
  0x0000019dd5751280 JavaThread "Service Thread" daemon [_thread_blocked, id=16752, stack(0x0000006f99800000,0x0000006f99900000)]
  0x0000019dd575ccc0 JavaThread "Monitor Deflation Thread" daemon [_thread_blocked, id=9064, stack(0x0000006f99900000,0x0000006f99a00000)]
  0x0000019dd575e0c0 JavaThread "C2 CompilerThread0" daemon [_thread_blocked, id=16164, stack(0x0000006f99a00000,0x0000006f99b00000)]
=>0x0000019dd5765250 JavaThread "C1 CompilerThread0" daemon [_thread_in_native, id=15812, stack(0x0000006f99b00000,0x0000006f99c00000)]
  0x0000019dd5773fd0 JavaThread "Sweeper thread" daemon [_thread_blocked, id=11500, stack(0x0000006f99c00000,0x0000006f99d00000)]
  0x0000019dd573d5f0 JavaThread "Common-Cleaner" daemon [_thread_blocked, id=4928, stack(0x0000006f99d00000,0x0000006f99e00000)]
  0x0000019dd9d09850 JavaThread "Notification Thread" daemon [_thread_blocked, id=14092, stack(0x0000006f99e00000,0x0000006f99f00000)]
  0x0000019dd9e8aa60 JavaThread "Java2D Disposer" daemon [_thread_blocked, id=12544, stack(0x0000006f9a000000,0x0000006f9a100000)]
  0x0000019dd9ebd190 JavaThread "AWT-Windows" daemon [_thread_in_native, id=1300, stack(0x0000006f9a200000,0x0000006f9a300000)]
  0x0000019dd9f87590 JavaThread "mysql-cj-abandoned-connection-cleanup" daemon [_thread_blocked, id=4756, stack(0x0000006f9a400000,0x0000006f9a500000)]
  0x0000019dda86c980 JavaThread "AWT-Shutdown" [_thread_blocked, id=9388, stack(0x0000006f9a100000,0x0000006f9a200000)]
  0x0000019dda86cec0 JavaThread "AWT-EventQueue-0" [_thread_blocked, id=1284, stack(0x0000006f9a300000,0x0000006f9a400000)]
  0x0000019db9df99f0 JavaThread "DestroyJavaVM" [_thread_blocked, id=16208, stack(0x0000006f98d00000,0x0000006f98e00000)]
  0x0000019ddaa105d0 JavaThread "TimerQueue" daemon [_thread_blocked, id=14280, stack(0x0000006f9ab00000,0x0000006f9ac00000)]

Other Threads:
  0x0000019db9ec3de0 VMThread "VM Thread" [stack: 0x0000006f99300000,0x0000006f99400000] [id=972]
  0x0000019dd9d0a190 WatcherThread "VM Periodic Task Thread" [stack: 0x0000006f99f00000,0x0000006f9a000000] [id=14452]
  0x0000019db9e3a4c0 WorkerThread "GC Thread#0" [stack: 0x0000006f98e00000,0x0000006f98f00000] [id=5916]
  0x0000019dda615c10 WorkerThread "GC Thread#1" [stack: 0x0000006f9a500000,0x0000006f9a600000] [id=224]
  0x0000019dda792620 WorkerThread "GC Thread#2" [stack: 0x0000006f9a600000,0x0000006f9a700000] [id=14960]
  0x0000019dda7928f0 WorkerThread "GC Thread#3" [stack: 0x0000006f9a700000,0x0000006f9a800000] [id=7096]
  0x0000019db9e43380 ConcurrentGCThread "G1 Main Marker" [stack: 0x0000006f98f00000,0x0000006f99000000] [id=2608]
  0x0000019db9e44550 WorkerThread "G1 Conc#0" [stack: 0x0000006f99000000,0x0000006f99100000] [id=9600]
  0x0000019db9e97b90 ConcurrentGCThread "G1 Refine#0" [stack: 0x0000006f99100000,0x0000006f99200000] [id=2760]
  0x0000019db9e9a5e0 ConcurrentGCThread "G1 Service" [stack: 0x0000006f99200000,0x0000006f99300000] [id=15776]

Threads with active compile tasks:
C1 CompilerThread0     7645 1808   !   3       java.awt.DefaultKeyboardFocusManager::dispatchEvent (1625 bytes)

VM state: not at safepoint (normal execution)

VM Mutex/Monitor currently owned by a thread: None

Heap address: 0x00000000c1200000, size: 1006 MB, Compressed Oops mode: 32-bit

CDS archive(s) mapped at: [0x0000000800000000-0x0000000800c40000-0x0000000800c40000), size 12845056, SharedBaseAddress: 0x0000000800000000, ArchiveRelocationMode: 0.
Compressed class space mapped at: 0x0000000801000000-0x0000000841000000, reserved size: 1073741824
Narrow klass base: 0x0000000800000000, Narrow klass shift: 0, Narrow klass range: 0x100000000

GC Precious Log:
 CardTable entry size: 512
 Card Set container configuration: InlinePtr #cards 5 size 8 Array Of Cards #cards 12 size 40 Howl #buckets 4 coarsen threshold 1843 Howl Bitmap #cards 512 size 80 coarsen threshold 460 Card regions per heap region 1 cards per card region 2048
 CPUs: 4 total, 4 available
 Memory: 4019M
 Large Page Support: Disabled
 NUMA Support: Disabled
 Compressed Oops: Enabled (32-bit)
 Heap Region Size: 1M
 Heap Min Capacity: 8M
 Heap Initial Capacity: 64M
 Heap Max Capacity: 1006M
 Pre-touch: Disabled
 Parallel Workers: 4
 Concurrent Workers: 1
 Concurrent Refinement Workers: 4
 Periodic GC: Disabled

Heap:
 garbage-first heap   total 65536K, used 11529K [0x00000000c1200000, 0x0000000100000000)
  region size 1024K, 9 young (9216K), 2 survivors (2048K)
 Metaspace       used 17486K, committed 17728K, reserved 1114112K
  class space    used 1918K, committed 2048K, reserved 1048576K

Heap Regions: E=young(eden), S=young(survivor), O=old, HS=humongous(starts), HC=humongous(continues), CS=collection set, F=free, OA=open archive, CA=closed archive, TAMS=top-at-mark-start (previous, next)
|   0|0x00000000c1200000, 0x00000000c1300000, 0x00000000c1300000|100%| O|  |TAMS 0x00000000c1200000, 0x00000000c1200000| Untracked 
|   1|0x00000000c1300000, 0x00000000c1342600, 0x00000000c1400000| 25%| O|  |TAMS 0x00000000c1300000, 0x00000000c1300000| Untracked 
|   2|0x00000000c1400000, 0x00000000c1500000, 0x00000000c1500000|100%|HS|  |TAMS 0x00000000c1400000, 0x00000000c1400000| Complete 
|   3|0x00000000c1500000, 0x00000000c1600000, 0x00000000c1600000|100%|HC|  |TAMS 0x00000000c1500000, 0x00000000c1500000| Complete 
|   4|0x00000000c1600000, 0x00000000c1600000, 0x00000000c1700000|  0%| F|  |TAMS 0x00000000c1600000, 0x00000000c1600000| Untracked 
|   5|0x00000000c1700000, 0x00000000c1700000, 0x00000000c1800000|  0%| F|  |TAMS 0x00000000c1700000, 0x00000000c1700000| Untracked 
|   6|0x00000000c1800000, 0x00000000c1800000, 0x00000000c1900000|  0%| F|  |TAMS 0x00000000c1800000, 0x00000000c1800000| Untracked 
|   7|0x00000000c1900000, 0x00000000c1900000, 0x00000000c1a00000|  0%| F|  |TAMS 0x00000000c1900000, 0x00000000c1900000| Untracked 
|   8|0x00000000c1a00000, 0x00000000c1a00000, 0x00000000c1b00000|  0%| F|  |TAMS 0x00000000c1a00000, 0x00000000c1a00000| Untracked 
|   9|0x00000000c1b00000, 0x00000000c1b00000, 0x00000000c1c00000|  0%| F|  |TAMS 0x00000000c1b00000, 0x00000000c1b00000| Untracked 
|  10|0x00000000c1c00000, 0x00000000c1c00000, 0x00000000c1d00000|  0%| F|  |TAMS 0x00000000c1c00000, 0x00000000c1c00000| Untracked 
|  11|0x00000000c1d00000, 0x00000000c1d00000, 0x00000000c1e00000|  0%| F|  |TAMS 0x00000000c1d00000, 0x00000000c1d00000| Untracked 
|  12|0x00000000c1e00000, 0x00000000c1e00000, 0x00000000c1f00000|  0%| F|  |TAMS 0x00000000c1e00000, 0x00000000c1e00000| Untracked 
|  13|0x00000000c1f00000, 0x00000000c1f00000, 0x00000000c2000000|  0%| F|  |TAMS 0x00000000c1f00000, 0x00000000c1f00000| Untracked 
|  14|0x00000000c2000000, 0x00000000c2000000, 0x00000000c2100000|  0%| F|  |TAMS 0x00000000c2000000, 0x00000000c2000000| Untracked 
|  15|0x00000000c2100000, 0x00000000c2100000, 0x00000000c2200000|  0%| F|  |TAMS 0x00000000c2100000, 0x00000000c2100000| Untracked 
|  16|0x00000000c2200000, 0x00000000c2200000, 0x00000000c2300000|  0%| F|  |TAMS 0x00000000c2200000, 0x00000000c2200000| Untracked 
|  17|0x00000000c2300000, 0x00000000c2300000, 0x00000000c2400000|  0%| F|  |TAMS 0x00000000c2300000, 0x00000000c2300000| Untracked 
|  18|0x00000000c2400000, 0x00000000c2400000, 0x00000000c2500000|  0%| F|  |TAMS 0x00000000c2400000, 0x00000000c2400000| Untracked 
|  19|0x00000000c2500000, 0x00000000c2500000, 0x00000000c2600000|  0%| F|  |TAMS 0x00000000c2500000, 0x00000000c2500000| Untracked 
|  20|0x00000000c2600000, 0x00000000c2600000, 0x00000000c2700000|  0%| F|  |TAMS 0x00000000c2600000, 0x00000000c2600000| Untracked 
|  21|0x00000000c2700000, 0x00000000c2700000, 0x00000000c2800000|  0%| F|  |TAMS 0x00000000c2700000, 0x00000000c2700000| Untracked 
|  22|0x00000000c2800000, 0x00000000c2800000, 0x00000000c2900000|  0%| F|  |TAMS 0x00000000c2800000, 0x00000000c2800000| Untracked 
|  23|0x00000000c2900000, 0x00000000c2900000, 0x00000000c2a00000|  0%| F|  |TAMS 0x00000000c2900000, 0x00000000c2900000| Untracked 
|  24|0x00000000c2a00000, 0x00000000c2a00000, 0x00000000c2b00000|  0%| F|  |TAMS 0x00000000c2a00000, 0x00000000c2a00000| Untracked 
|  25|0x00000000c2b00000, 0x00000000c2b00000, 0x00000000c2c00000|  0%| F|  |TAMS 0x00000000c2b00000, 0x00000000c2b00000| Untracked 
|  26|0x00000000c2c00000, 0x00000000c2c00000, 0x00000000c2d00000|  0%| F|  |TAMS 0x00000000c2c00000, 0x00000000c2c00000| Untracked 
|  27|0x00000000c2d00000, 0x00000000c2d00000, 0x00000000c2e00000|  0%| F|  |TAMS 0x00000000c2d00000, 0x00000000c2d00000| Untracked 
|  28|0x00000000c2e00000, 0x00000000c2e00000, 0x00000000c2f00000|  0%| F|  |TAMS 0x00000000c2e00000, 0x00000000c2e00000| Untracked 
|  29|0x00000000c2f00000, 0x00000000c2f00000, 0x00000000c3000000|  0%| F|  |TAMS 0x00000000c2f00000, 0x00000000c2f00000| Untracked 
|  30|0x00000000c3000000, 0x00000000c3000000, 0x00000000c3100000|  0%| F|  |TAMS 0x00000000c3000000, 0x00000000c3000000| Untracked 
|  31|0x00000000c3100000, 0x00000000c3100000, 0x00000000c3200000|  0%| F|  |TAMS 0x00000000c3100000, 0x00000000c3100000| Untracked 
|  32|0x00000000c3200000, 0x00000000c3200000, 0x00000000c3300000|  0%| F|  |TAMS 0x00000000c3200000, 0x00000000c3200000| Untracked 
|  33|0x00000000c3300000, 0x00000000c3300000, 0x00000000c3400000|  0%| F|  |TAMS 0x00000000c3300000, 0x00000000c3300000| Untracked 
|  34|0x00000000c3400000, 0x00000000c3400000, 0x00000000c3500000|  0%| F|  |TAMS 0x00000000c3400000, 0x00000000c3400000| Untracked 
|  35|0x00000000c3500000, 0x00000000c3500000, 0x00000000c3600000|  0%| F|  |TAMS 0x00000000c3500000, 0x00000000c3500000| Untracked 
|  36|0x00000000c3600000, 0x00000000c3600000, 0x00000000c3700000|  0%| F|  |TAMS 0x00000000c3600000, 0x00000000c3600000| Untracked 
|  37|0x00000000c3700000, 0x00000000c3700000, 0x00000000c3800000|  0%| F|  |TAMS 0x00000000c3700000, 0x00000000c3700000| Untracked 
|  38|0x00000000c3800000, 0x00000000c3800000, 0x00000000c3900000|  0%| F|  |TAMS 0x00000000c3800000, 0x00000000c3800000| Untracked 
|  39|0x00000000c3900000, 0x00000000c3900000, 0x00000000c3a00000|  0%| F|  |TAMS 0x00000000c3900000, 0x00000000c3900000| Untracked 
|  40|0x00000000c3a00000, 0x00000000c3a00000, 0x00000000c3b00000|  0%| F|  |TAMS 0x00000000c3a00000, 0x00000000c3a00000| Untracked 
|  41|0x00000000c3b00000, 0x00000000c3b00000, 0x00000000c3c00000|  0%| F|  |TAMS 0x00000000c3b00000, 0x00000000c3b00000| Untracked 
|  42|0x00000000c3c00000, 0x00000000c3c00000, 0x00000000c3d00000|  0%| F|  |TAMS 0x00000000c3c00000, 0x00000000c3c00000| Untracked 
|  43|0x00000000c3d00000, 0x00000000c3d00000, 0x00000000c3e00000|  0%| F|  |TAMS 0x00000000c3d00000, 0x00000000c3d00000| Untracked 
|  44|0x00000000c3e00000, 0x00000000c3e00000, 0x00000000c3f00000|  0%| F|  |TAMS 0x00000000c3e00000, 0x00000000c3e00000| Untracked 
|  45|0x00000000c3f00000, 0x00000000c3f00000, 0x00000000c4000000|  0%| F|  |TAMS 0x00000000c3f00000, 0x00000000c3f00000| Untracked 
|  46|0x00000000c4000000, 0x00000000c4000000, 0x00000000c4100000|  0%| F|  |TAMS 0x00000000c4000000, 0x00000000c4000000| Untracked 
|  47|0x00000000c4100000, 0x00000000c4100000, 0x00000000c4200000|  0%| F|  |TAMS 0x00000000c4100000, 0x00000000c4100000| Untracked 
|  48|0x00000000c4200000, 0x00000000c4200000, 0x00000000c4300000|  0%| F|  |TAMS 0x00000000c4200000, 0x00000000c4200000| Untracked 
|  49|0x00000000c4300000, 0x00000000c4400000, 0x00000000c4400000|100%| S|CS|TAMS 0x00000000c4300000, 0x00000000c4300000| Complete 
|  50|0x00000000c4400000, 0x00000000c4500000, 0x00000000c4500000|100%| S|CS|TAMS 0x00000000c4400000, 0x00000000c4400000| Complete 
|  51|0x00000000c4500000, 0x00000000c4500000, 0x00000000c4600000|  0%| F|  |TAMS 0x00000000c4500000, 0x00000000c4500000| Untracked 
|  52|0x00000000c4600000, 0x00000000c4600000, 0x00000000c4700000|  0%| F|  |TAMS 0x00000000c4600000, 0x00000000c4600000| Untracked 
|  53|0x00000000c4700000, 0x00000000c4700000, 0x00000000c4800000|  0%| F|  |TAMS 0x00000000c4700000, 0x00000000c4700000| Untracked 
|  54|0x00000000c4800000, 0x00000000c4800000, 0x00000000c4900000|  0%| F|  |TAMS 0x00000000c4800000, 0x00000000c4800000| Untracked 
|  55|0x00000000c4900000, 0x00000000c4900000, 0x00000000c4a00000|  0%| F|  |TAMS 0x00000000c4900000, 0x00000000c4900000| Untracked 
|  56|0x00000000c4a00000, 0x00000000c4a00000, 0x00000000c4b00000|  0%| F|  |TAMS 0x00000000c4a00000, 0x00000000c4a00000| Untracked 
|  57|0x00000000c4b00000, 0x00000000c4bb9ff0, 0x00000000c4c00000| 72%| E|  |TAMS 0x00000000c4b00000, 0x00000000c4b00000| Complete 
|  58|0x00000000c4c00000, 0x00000000c4d00000, 0x00000000c4d00000|100%| E|CS|TAMS 0x00000000c4c00000, 0x00000000c4c00000| Complete 
|  59|0x00000000c4d00000, 0x00000000c4e00000, 0x00000000c4e00000|100%| E|CS|TAMS 0x00000000c4d00000, 0x00000000c4d00000| Complete 
|  60|0x00000000c4e00000, 0x00000000c4f00000, 0x00000000c4f00000|100%| E|CS|TAMS 0x00000000c4e00000, 0x00000000c4e00000| Complete 
|  61|0x00000000c4f00000, 0x00000000c5000000, 0x00000000c5000000|100%| E|CS|TAMS 0x00000000c4f00000, 0x00000000c4f00000| Complete 
|  62|0x00000000c5000000, 0x00000000c5100000, 0x00000000c5100000|100%| E|CS|TAMS 0x00000000c5000000, 0x00000000c5000000| Complete 
|  63|0x00000000c5100000, 0x00000000c5200000, 0x00000000c5200000|100%| E|CS|TAMS 0x00000000c5100000, 0x00000000c5100000| Complete 

Card table byte_map: [0x0000019dd0f70000,0x0000019dd1170000] _byte_map_base: 0x0000019dd0967000

Marking Bits (Prev, Next): (CMBitMap*) 0x0000019db9e3aaf0, (CMBitMap*) 0x0000019db9e3ab30
 Prev Bits: [0x0000019dd1370000, 0x0000019dd2328000)
 Next Bits: [0x0000019dd2330000, 0x0000019dd32e8000)

Polling page: 0x0000019db7bf0000

Metaspace:

Usage:
  Non-class:     15.20 MB used.
      Class:      1.87 MB used.
       Both:     17.08 MB used.

Virtual space:
  Non-class space:       64.00 MB reserved,      15.31 MB ( 24%) committed,  1 nodes.
      Class space:        1.00 GB reserved,       2.00 MB ( <1%) committed,  1 nodes.
             Both:        1.06 GB reserved,      17.31 MB (  2%) committed. 

Chunk freelists:
   Non-Class:  488.00 KB
       Class:  2.04 MB
        Both:  2.51 MB

MaxMetaspaceSize: unlimited
CompressedClassSpaceSize: 1.00 GB
Initial GC threshold: 21.00 MB
Current GC threshold: 21.00 MB
CDS: on
MetaspaceReclaimPolicy: balanced
 - commit_granule_bytes: 65536.
 - commit_granule_words: 8192.
 - virtual_space_node_default_size: 8388608.
 - enlarge_chunks_in_place: 1.
 - new_chunks_are_fully_committed: 0.
 - uncommit_free_chunks: 1.
 - use_allocation_guard: 0.


Internal statistics:

num_allocs_failed_limit: 0.
num_arena_births: 184.
num_arena_deaths: 0.
num_vsnodes_births: 2.
num_vsnodes_deaths: 0.
num_space_committed: 277.
num_space_uncommitted: 0.
num_chunks_returned_to_freelist: 0.
num_chunks_taken_from_freelist: 352.
num_chunk_merges: 0.
num_chunk_splits: 228.
num_chunks_enlarged: 158.
num_inconsistent_stats: 0.

CodeHeap 'non-profiled nmethods': size=120000Kb used=569Kb max_used=569Kb free=119430Kb
 bounds [0x0000019dc9840000, 0x0000019dc9ab0000, 0x0000019dd0d70000]
CodeHeap 'profiled nmethods': size=120000Kb used=3077Kb max_used=3077Kb free=116922Kb
 bounds [0x0000019dc1d70000, 0x0000019dc2080000, 0x0000019dc92a0000]
CodeHeap 'non-nmethods': size=5760Kb used=1445Kb max_used=1459Kb free=4314Kb
 bounds [0x0000019dc92a0000, 0x0000019dc9510000, 0x0000019dc9840000]
 total_blobs=2516 nmethods=1807 adapters=620
 compilation: enabled
              stopped_count=0, restarted_count=0
 full_count=0

Compilation events (20 events):
Event: 7.493 Thread 0x0000019dd5765250 nmethod 1798 0x0000019dc206d710 code [0x0000019dc206d8c0, 0x0000019dc206dbe8]
Event: 7.494 Thread 0x0000019dd5765250 1799       3       java.util.concurrent.locks.AbstractQueuedSynchronizer$ConditionNode::<init> (5 bytes)
Event: 7.494 Thread 0x0000019dd5765250 nmethod 1799 0x0000019dc206dc90 code [0x0000019dc206de40, 0x0000019dc206dff8]
Event: 7.494 Thread 0x0000019dd5765250 1800       3       java.util.concurrent.locks.AbstractQueuedSynchronizer$ConditionObject::enableWait (84 bytes)
Event: 7.495 Thread 0x0000019dd5765250 nmethod 1800 0x0000019dc206e110 code [0x0000019dc206e340, 0x0000019dc206ea88]
Event: 7.495 Thread 0x0000019dd5765250 1801       3       java.util.concurrent.locks.AbstractQueuedSynchronizer$Node::setStatusRelaxed (12 bytes)
Event: 7.495 Thread 0x0000019dd5765250 nmethod 1801 0x0000019dc206ed10 code [0x0000019dc206eea0, 0x0000019dc206efb8]
Event: 7.500 Thread 0x0000019dd5765250 1802   !   3       java.awt.event.InvocationEvent::dispatch (69 bytes)
Event: 7.501 Thread 0x0000019dd5765250 nmethod 1802 0x0000019dc206f090 code [0x0000019dc206f280, 0x0000019dc206f938]
Event: 7.510 Thread 0x0000019dd5765250 1803       3       sun.java2d.pipe.Region::dimAdd (20 bytes)
Event: 7.510 Thread 0x0000019dd5765250 nmethod 1803 0x0000019dc206fb10 code [0x0000019dc206fcc0, 0x0000019dc206fe78]
Event: 7.523 Thread 0x0000019dd5765250 1804       3       java.awt.EventQueue::setCurrentEventAndMostRecentTime (8 bytes)
Event: 7.524 Thread 0x0000019dd5765250 nmethod 1804 0x0000019dc206ff10 code [0x0000019dc2070120, 0x0000019dc20705d8]
Event: 7.531 Thread 0x0000019dd5765250 1805       3       java.awt.event.InvocationEvent::<init> (13 bytes)
Event: 7.531 Thread 0x0000019dd5765250 nmethod 1805 0x0000019dc2070810 code [0x0000019dc20709c0, 0x0000019dc2070b28]
Event: 7.538 Thread 0x0000019dd5765250 1806       3       java.util.concurrent.locks.LockSupport::unpark (26 bytes)
Event: 7.539 Thread 0x0000019dd5765250 nmethod 1806 0x0000019dc2070c10 code [0x0000019dc2070de0, 0x0000019dc2071138]
Event: 7.540 Thread 0x0000019dd5765250 1807       3       sun.awt.SunToolkit::isTouchKeyboardAutoShowEnabled (4 bytes)
Event: 7.540 Thread 0x0000019dd5765250 nmethod 1807 0x0000019dc2071210 code [0x0000019dc20713a0, 0x0000019dc2071498]
Event: 7.548 Thread 0x0000019dd5765250 1808   !   3       java.awt.DefaultKeyboardFocusManager::dispatchEvent (1625 bytes)

GC Heap History (2 events):
Event: 2.028 GC heap before
{Heap before GC invocations=0 (full 0):
 garbage-first heap   total 65536K, used 12288K [0x00000000c1200000, 0x0000000100000000)
  region size 1024K, 13 young (13312K), 0 survivors (0K)
 Metaspace       used 9830K, committed 10112K, reserved 1114112K
  class space    used 1089K, committed 1216K, reserved 1048576K
}
Event: 2.038 GC heap after
{Heap after GC invocations=1 (full 0):
 garbage-first heap   total 65536K, used 3337K [0x00000000c1200000, 0x0000000100000000)
  region size 1024K, 2 young (2048K), 2 survivors (2048K)
 Metaspace       used 9830K, committed 10112K, reserved 1114112K
  class space    used 1089K, committed 1216K, reserved 1048576K
}

Dll operation events (11 events):
Event: 0.015 Loaded shared library C:\Program Files\Java\jdk-19\bin\java.dll
Event: 0.031 Loaded shared library C:\Program Files\Java\jdk-19\bin\jsvml.dll
Event: 0.147 Loaded shared library C:\Program Files\Java\jdk-19\bin\net.dll
Event: 0.150 Loaded shared library C:\Program Files\Java\jdk-19\bin\nio.dll
Event: 0.209 Loaded shared library C:\Program Files\Java\jdk-19\bin\zip.dll
Event: 0.250 Loaded shared library C:\Program Files\Java\jdk-19\bin\jimage.dll
Event: 0.289 Loaded shared library C:\Program Files\Java\jdk-19\bin\awt.dll
Event: 1.773 Loaded shared library C:\Program Files\Java\jdk-19\bin\extnet.dll
Event: 2.483 Loaded shared library C:\Program Files\Java\jdk-19\bin\sunmscapi.dll
Event: 3.252 Loaded shared library C:\Program Files\Java\jdk-19\bin\freetype.dll
Event: 3.257 Loaded shared library C:\Program Files\Java\jdk-19\bin\fontmanager.dll

Deoptimization events (20 events):
Event: 2.473 Thread 0x0000019db9df99f0 Uncommon trap: trap_request=0xffffff45 fr.pc=0x0000019dc989ac78 relative=0x0000000000000258
Event: 2.473 Thread 0x0000019db9df99f0 Uncommon trap: reason=unstable_if action=reinterpret pc=0x0000019dc989ac78 method=java.util.HashMap.putVal(ILjava/lang/Object;Ljava/lang/Object;ZZ)Ljava/lang/Object; @ 162 c2
Event: 2.473 Thread 0x0000019db9df99f0 DEOPT PACKING pc=0x0000019dc989ac78 sp=0x0000006f98dfb7c0
Event: 2.473 Thread 0x0000019db9df99f0 DEOPT UNPACKING pc=0x0000019dc9306da3 sp=0x0000006f98dfb6f8 mode 2
Event: 2.753 Thread 0x0000019db9df99f0 Uncommon trap: trap_request=0xffffff45 fr.pc=0x0000019dc98941ec relative=0x000000000000014c
Event: 2.753 Thread 0x0000019db9df99f0 Uncommon trap: reason=unstable_if action=reinterpret pc=0x0000019dc98941ec method=java.util.concurrent.locks.ReentrantLock$NonfairSync.initialTryLock()Z @ 25 c2
Event: 2.753 Thread 0x0000019db9df99f0 DEOPT PACKING pc=0x0000019dc98941ec sp=0x0000006f98dfe510
Event: 2.753 Thread 0x0000019db9df99f0 DEOPT UNPACKING pc=0x0000019dc9306da3 sp=0x0000006f98dfe4b0 mode 2
Event: 3.285 Thread 0x0000019db9df99f0 Uncommon trap: trap_request=0xffffff45 fr.pc=0x0000019dc98776b4 relative=0x0000000000000214
Event: 3.285 Thread 0x0000019db9df99f0 Uncommon trap: reason=unstable_if action=reinterpret pc=0x0000019dc98776b4 method=java.lang.StringUTF16.compress([CI[BII)I @ 20 c2
Event: 3.285 Thread 0x0000019db9df99f0 DEOPT PACKING pc=0x0000019dc98776b4 sp=0x0000006f98dfdcd0
Event: 3.285 Thread 0x0000019db9df99f0 DEOPT UNPACKING pc=0x0000019dc9306da3 sp=0x0000006f98dfdc50 mode 2
Event: 6.302 Thread 0x0000019dda86cec0 Uncommon trap: trap_request=0xffffff45 fr.pc=0x0000019dc98c9728 relative=0x0000000000000088
Event: 6.302 Thread 0x0000019dda86cec0 Uncommon trap: reason=unstable_if action=reinterpret pc=0x0000019dc98c9728 method=java.awt.Component.inside(II)Z @ 13 c2
Event: 6.302 Thread 0x0000019dda86cec0 DEOPT PACKING pc=0x0000019dc98c9728 sp=0x0000006f9a3fe8a0
Event: 6.302 Thread 0x0000019dda86cec0 DEOPT UNPACKING pc=0x0000019dc9306da3 sp=0x0000006f9a3fe740 mode 2
Event: 6.310 Thread 0x0000019dda86cec0 Uncommon trap: trap_request=0xffffff45 fr.pc=0x0000019dc98cc55c relative=0x000000000000013c
Event: 6.310 Thread 0x0000019dda86cec0 Uncommon trap: reason=unstable_if action=reinterpret pc=0x0000019dc98cc55c method=java.util.concurrent.locks.AbstractQueuedSynchronizer.release(I)Z @ 5 c2
Event: 6.310 Thread 0x0000019dda86cec0 DEOPT PACKING pc=0x0000019dc98cc55c sp=0x0000006f9a3fe6d0
Event: 6.310 Thread 0x0000019dda86cec0 DEOPT UNPACKING pc=0x0000019dc9306da3 sp=0x0000006f9a3fe638 mode 2

Classes loaded (20 events):
Event: 3.950 Loading class java/util/concurrent/TimeUnit$1 done
Event: 3.951 Loading class java/awt/TextComponent done
Event: 3.956 Loading class java/awt/Container$MouseEventTargetFilter
Event: 3.956 Loading class java/awt/Container$EventTargetFilter
Event: 3.956 Loading class java/awt/Container$EventTargetFilter done
Event: 3.956 Loading class java/awt/Container$MouseEventTargetFilter done
Event: 3.956 Loading class java/awt/LightweightDispatcher$1
Event: 3.956 Loading class java/awt/LightweightDispatcher$1 done
Event: 3.956 Loading class java/awt/event/AWTEventListenerProxy
Event: 3.956 Loading class java/awt/event/AWTEventListenerProxy done
Event: 3.957 Loading class java/awt/Toolkit$SelectiveAWTEventListener
Event: 3.957 Loading class java/awt/Toolkit$SelectiveAWTEventListener done
Event: 3.957 Loading class java/awt/Toolkit$ToolkitEventMulticaster
Event: 3.957 Loading class java/awt/Toolkit$ToolkitEventMulticaster done
Event: 4.461 Loading class javax/swing/Timer$1
Event: 4.461 Loading class javax/swing/Timer$1 done
Event: 5.548 Loading class java/awt/LightweightDispatcher$2
Event: 5.549 Loading class java/awt/LightweightDispatcher$2 done
Event: 6.390 Loading class java/awt/event/MouseWheelEvent
Event: 6.390 Loading class java/awt/event/MouseWheelEvent done

Classes unloaded (0 events):
No events

Classes redefined (0 events):
No events

Internal exceptions (20 events):
Event: 0.266 Thread 0x0000019db9df99f0 Exception <a 'java/lang/ClassNotFoundException'{0x00000000c4f52fa0}: sun/awt/resources/spi/awtProvider> (0x00000000c4f52fa0) 
thrown [s\open\src\hotspot\share\classfile\systemDictionary.cpp, line 255]
Event: 0.324 Thread 0x0000019db9df99f0 Exception <a 'java/io/FileNotFoundException'{0x00000000c4faa7a8}> (0x00000000c4faa7a8) 
thrown [s\open\src\hotspot\share\prims\jni.cpp, line 517]
Event: 0.340 Thread 0x0000019db9df99f0 Exception <a 'java/io/FileNotFoundException'{0x00000000c4fd6ef8}> (0x00000000c4fd6ef8) 
thrown [s\open\src\hotspot\share\prims\jni.cpp, line 517]
Event: 0.428 Thread 0x0000019db9df99f0 Exception <a 'java/lang/NoSuchMethodError'{0x00000000c4e1c380}: 'java.lang.Object java.lang.invoke.DirectMethodHandle$Holder.invokeStaticInit(java.lang.Object)'> (0x00000000c4e1c380) 
thrown [s\open\src\hotspot\share\interpreter\linkResolver.cpp, line 774]
Event: 0.509 Thread 0x0000019db9df99f0 Exception <a 'java/lang/NoSuchMethodError'{0x00000000c4ef61d8}: 'void java.lang.invoke.DirectMethodHandle$Holder.invokeSpecial(java.lang.Object, java.lang.Object, java.lang.Object)'> (0x00000000c4ef61d8) 
thrown [s\open\src\hotspot\share\interpreter\linkResolver.cpp, line 774]
Event: 0.533 Thread 0x0000019db9df99f0 Exception <a 'java/lang/NoSuchMethodError'{0x00000000c4d21180}: 'java.lang.Object java.lang.invoke.DirectMethodHandle$Holder.newInvokeSpecial(java.lang.Object, java.lang.Object, java.lang.Object, java.lang.Object, java.lang.Object)'> (0x00000000c4d21180) 
thrown [s\open\src\hotspot\share\interpreter\linkResolver.cpp, line 774]
Event: 0.552 Thread 0x0000019db9df99f0 Exception <a 'java/lang/NoSuchMethodError'{0x00000000c4d52ac8}: 'java.lang.Object java.lang.invoke.DirectMethodHandle$Holder.invokeStatic(java.lang.Object, int, java.lang.Object)'> (0x00000000c4d52ac8) 
thrown [s\open\src\hotspot\share\interpreter\linkResolver.cpp, line 774]
Event: 0.686 Thread 0x0000019db9df99f0 Exception <a 'java/lang/ClassNotFoundException'{0x00000000c4c0eef0}: com/sun/swing/internal/plaf/metal/resources/spi/metalProvider> (0x00000000c4c0eef0) 
thrown [s\open\src\hotspot\share\classfile\systemDictionary.cpp, line 255]
Event: 0.689 Thread 0x0000019db9df99f0 Exception <a 'java/lang/ClassNotFoundException'{0x00000000c4c12ec0}: com/sun/swing/internal/plaf/basic/resources/spi/basicProvider> (0x00000000c4c12ec0) 
thrown [s\open\src\hotspot\share\classfile\systemDictionary.cpp, line 255]
Event: 0.728 Thread 0x0000019db9df99f0 Exception <a 'java/lang/NoSuchMethodError'{0x00000000c4c32b80}: 'int java.lang.invoke.Invokers$Holder.invokeExact_MT(java.lang.Object, java.lang.Object)'> (0x00000000c4c32b80) 
thrown [s\open\src\hotspot\share\interpreter\linkResolver.cpp, line 774]
Event: 1.318 Thread 0x0000019db9df99f0 Exception <a 'java/lang/NoSuchMethodError'{0x00000000c4b99cf0}: 'java.lang.Object java.lang.invoke.DirectMethodHandle$Holder.invokeInterface(java.lang.Object, java.lang.Object)'> (0x00000000c4b99cf0) 
thrown [s\open\src\hotspot\share\interpreter\linkResolver.cpp, line 774]
Event: 1.504 Thread 0x0000019db9df99f0 Exception <a 'java/lang/NoSuchMethodError'{0x00000000c4a143a0}: 'void java.lang.invoke.DirectMethodHandle$Holder.invokeStatic(java.lang.Object, java.lang.Object, java.lang.Object)'> (0x00000000c4a143a0) 
thrown [s\open\src\hotspot\share\interpreter\linkResolver.cpp, line 774]
Event: 1.515 Thread 0x0000019db9df99f0 Exception <a 'java/lang/NoSuchMethodError'{0x00000000c4a1e188}: 'java.lang.Object java.lang.invoke.DirectMethodHandle$Holder.invokeVirtual(java.lang.Object, java.lang.Object, java.lang.Object)'> (0x00000000c4a1e188) 
thrown [s\open\src\hotspot\share\interpreter\linkResolver.cpp, line 774]
Event: 1.774 Thread 0x0000019db9df99f0 Exception <a 'java/lang/NoSuchMethodError'{0x00000000c4762b78}: 'void java.lang.invoke.DirectMethodHandle$Holder.invokeStatic(java.lang.Object, java.lang.Object)'> (0x00000000c4762b78) 
thrown [s\open\src\hotspot\share\interpreter\linkResolver.cpp, line 774]
Event: 1.941 Thread 0x0000019db9df99f0 Exception <a 'java/lang/NoSuchMethodError'{0x00000000c4525790}: 'void java.lang.invoke.DirectMethodHandle$Holder.invokeStaticInit(java.lang.Object, java.lang.Object)'> (0x00000000c4525790) 
thrown [s\open\src\hotspot\share\interpreter\linkResolver.cpp, line 774]
Event: 2.081 Thread 0x0000019db9df99f0 Exception <a 'sun/nio/fs/WindowsException'{0x00000000c51a9288}> (0x00000000c51a9288) 
thrown [s\open\src\hotspot\share\prims\jni.cpp, line 517]
Event: 2.214 Thread 0x0000019db9df99f0 Exception <a 'java/lang/NoSuchMethodError'{0x00000000c507de88}: 'java.lang.Object java.lang.invoke.DirectMethodHandle$Holder.invokeStaticInit(java.lang.Object, int, int, int, int)'> (0x00000000c507de88) 
thrown [s\open\src\hotspot\share\interpreter\linkResolver.cpp, line 774]
Event: 2.399 Thread 0x0000019db9df99f0 Exception <a 'java/lang/NoSuchMethodError'{0x00000000c50c36b8}: 'java.lang.Object java.lang.invoke.DirectMethodHandle$Holder.invokeStaticInit(java.lang.Object, java.lang.Object, int, int, int, int)'> (0x00000000c50c36b8) 
thrown [s\open\src\hotspot\share\interpreter\linkResolver.cpp, line 774]
Event: 2.735 Thread 0x0000019db9df99f0 Exception <a 'java/lang/NoSuchMethodError'{0x00000000c4fa2d78}: 'void java.lang.invoke.DirectMethodHandle$Holder.invokeVirtual(java.lang.Object, java.lang.Object)'> (0x00000000c4fa2d78) 
thrown [s\open\src\hotspot\share\interpreter\linkResolver.cpp, line 774]
Event: 3.238 Thread 0x0000019db9df99f0 Exception <a 'java/lang/NoSuchMethodError'{0x00000000c4c5d928}: 'void java.lang.invoke.DirectMethodHandle$Holder.invokeStaticInit(java.lang.Object)'> (0x00000000c4c5d928) 
thrown [s\open\src\hotspot\share\interpreter\linkResolver.cpp, line 774]

VM Operations (20 events):
Event: 1.234 Executing VM operation: Cleanup
Event: 1.235 Executing VM operation: Cleanup done
Event: 1.743 Executing VM operation: HandshakeAllThreads
Event: 1.743 Executing VM operation: HandshakeAllThreads done
Event: 2.026 Executing VM operation: G1CollectForAllocation
Event: 2.038 Executing VM operation: G1CollectForAllocation done
Event: 2.768 Executing VM operation: HandshakeAllThreads
Event: 2.768 Executing VM operation: HandshakeAllThreads done
Event: 3.437 Executing VM operation: HandshakeAllThreads
Event: 3.437 Executing VM operation: HandshakeAllThreads done
Event: 3.437 Executing VM operation: Cleanup
Event: 3.437 Executing VM operation: Cleanup done
Event: 3.674 Executing VM operation: HandshakeAllThreads
Event: 3.674 Executing VM operation: HandshakeAllThreads done
Event: 4.680 Executing VM operation: Cleanup
Event: 4.680 Executing VM operation: Cleanup done
Event: 5.688 Executing VM operation: Cleanup
Event: 5.688 Executing VM operation: Cleanup done
Event: 6.689 Executing VM operation: Cleanup
Event: 6.689 Executing VM operation: Cleanup done

Events (20 events):
Event: 0.060 Thread 0x0000019dd5750010 Thread added: 0x0000019dd5750010
Event: 0.060 Thread 0x0000019dd5751280 Thread added: 0x0000019dd5751280
Event: 0.060 Thread 0x0000019dd575ccc0 Thread added: 0x0000019dd575ccc0
Event: 0.061 Thread 0x0000019dd575e0c0 Thread added: 0x0000019dd575e0c0
Event: 0.061 Thread 0x0000019dd5765250 Thread added: 0x0000019dd5765250
Event: 0.061 Thread 0x0000019dd5773fd0 Thread added: 0x0000019dd5773fd0
Event: 0.118 Thread 0x0000019dd573d5f0 Thread added: 0x0000019dd573d5f0
Event: 0.189 Thread 0x0000019dd9d09850 Thread added: 0x0000019dd9d09850
Event: 0.430 Thread 0x0000019dd9e8aa60 Thread added: 0x0000019dd9e8aa60
Event: 0.433 Thread 0x0000019dd9e8afa0 Thread added: 0x0000019dd9e8afa0
Event: 0.436 Thread 0x0000019dd9ebd190 Thread added: 0x0000019dd9ebd190
Event: 0.993 Thread 0x0000019dd9f83010 Thread added: 0x0000019dd9f83010
Event: 1.067 Thread 0x0000019dd9f87590 Thread added: 0x0000019dd9f87590
Event: 2.039 Thread 0x0000019dd9e8afa0 Thread exited: 0x0000019dd9e8afa0
Event: 2.041 Thread 0x0000019dd9f83010 Thread exited: 0x0000019dd9f83010
Event: 3.167 Thread 0x0000019dda86c980 Thread added: 0x0000019dda86c980
Event: 3.168 Thread 0x0000019dda86cec0 Thread added: 0x0000019dda86cec0
Event: 3.663 Thread 0x0000019db9df99f0 Thread exited: 0x0000019db9df99f0
Event: 3.664 Thread 0x0000019db9df99f0 Thread added: 0x0000019db9df99f0
Event: 3.947 Thread 0x0000019ddaa105d0 Thread added: 0x0000019ddaa105d0


Dynamic libraries:
0x00007ff792200000 - 0x00007ff792210000 	C:\Program Files\Java\jdk-19\bin\java.exe
0x00007ff82a610000 - 0x00007ff82a808000 	C:\Windows\SYSTEM32\ntdll.dll
0x00007ff828650000 - 0x00007ff82870f000 	C:\Windows\System32\KERNEL32.DLL
0x00007ff8281a0000 - 0x00007ff828472000 	C:\Windows\System32\KERNELBASE.dll
0x00007ff828480000 - 0x00007ff828580000 	C:\Windows\System32\ucrtbase.dll
0x00007ff821380000 - 0x00007ff82139b000 	C:\Program Files\Java\jdk-19\bin\VCRUNTIME140.dll
0x00007ff825460000 - 0x00007ff825478000 	C:\Program Files\Java\jdk-19\bin\jli.dll
0x00007ff829df0000 - 0x00007ff829e9e000 	C:\Windows\System32\ADVAPI32.dll
0x00007ff82a2a0000 - 0x00007ff82a33e000 	C:\Windows\System32\msvcrt.dll
0x00007ff828ec0000 - 0x00007ff828f5c000 	C:\Windows\System32\sechost.dll
0x00007ff82a4a0000 - 0x00007ff82a5c5000 	C:\Windows\System32\RPCRT4.dll
0x00007ff829210000 - 0x00007ff8293b1000 	C:\Windows\System32\USER32.dll
0x00007ff8141a0000 - 0x00007ff81443a000 	C:\Windows\WinSxS\amd64_microsoft.windows.common-controls_6595b64144ccf1df_6.0.19041.1110_none_60b5254171f9507e\COMCTL32.dll
0x00007ff828620000 - 0x00007ff828642000 	C:\Windows\System32\win32u.dll
0x00007ff829a60000 - 0x00007ff829a8b000 	C:\Windows\System32\GDI32.dll
0x00007ff828000000 - 0x00007ff82810f000 	C:\Windows\System32\gdi32full.dll
0x00007ff828580000 - 0x00007ff82861d000 	C:\Windows\System32\msvcp_win.dll
0x00007ff816670000 - 0x00007ff81667a000 	C:\Windows\SYSTEM32\VERSION.dll
0x00007ff82a260000 - 0x00007ff82a292000 	C:\Windows\System32\IMM32.DLL
0x00007ff8214a0000 - 0x00007ff8214ac000 	C:\Program Files\Java\jdk-19\bin\vcruntime140_1.dll
0x00007ff809230000 - 0x00007ff8092be000 	C:\Program Files\Java\jdk-19\bin\msvcp140.dll
0x00007fffd0d20000 - 0x00007fffd19e0000 	C:\Program Files\Java\jdk-19\bin\server\jvm.dll
0x00007ff816600000 - 0x00007ff816627000 	C:\Windows\SYSTEM32\WINMM.dll
0x00007ff823260000 - 0x00007ff823269000 	C:\Windows\SYSTEM32\WSOCK32.dll
0x00007ff8294d0000 - 0x00007ff82953b000 	C:\Windows\System32\WS2_32.dll
0x00007ff825bc0000 - 0x00007ff825bd2000 	C:\Windows\SYSTEM32\kernel.appcore.dll
0x00007ff821490000 - 0x00007ff82149a000 	C:\Program Files\Java\jdk-19\bin\jimage.dll
0x00007ff817560000 - 0x00007ff817744000 	C:\Windows\SYSTEM32\DBGHELP.DLL
0x00007ff815fc0000 - 0x00007ff815ff5000 	C:\Windows\SYSTEM32\dbgcore.DLL
0x00007ff828110000 - 0x00007ff828192000 	C:\Windows\System32\bcryptPrimitives.dll
0x00007ff813870000 - 0x00007ff813896000 	C:\Program Files\Java\jdk-19\bin\java.dll
0x00007ff809460000 - 0x00007ff809537000 	C:\Program Files\Java\jdk-19\bin\jsvml.dll
0x00007ff828710000 - 0x00007ff828e54000 	C:\Windows\System32\SHELL32.dll
0x00007ff825dc0000 - 0x00007ff826552000 	C:\Windows\SYSTEM32\windows.storage.dll
0x00007ff829a90000 - 0x00007ff829de5000 	C:\Windows\System32\combase.dll
0x00007ff827760000 - 0x00007ff827790000 	C:\Windows\SYSTEM32\Wldp.dll
0x00007ff829420000 - 0x00007ff8294cd000 	C:\Windows\System32\SHCORE.dll
0x00007ff8293c0000 - 0x00007ff829415000 	C:\Windows\System32\shlwapi.dll
0x00007ff827c40000 - 0x00007ff827c5f000 	C:\Windows\SYSTEM32\profapi.dll
0x00007ff821360000 - 0x00007ff821373000 	C:\Program Files\Java\jdk-19\bin\net.dll
0x00007ff81c4b0000 - 0x00007ff81c5bc000 	C:\Windows\SYSTEM32\WINHTTP.dll
0x00007ff8274c0000 - 0x00007ff82752a000 	C:\Windows\system32\mswsock.dll
0x00007ff821100000 - 0x00007ff821116000 	C:\Program Files\Java\jdk-19\bin\nio.dll
0x00007ff820bc0000 - 0x00007ff820bd8000 	C:\Program Files\Java\jdk-19\bin\zip.dll
0x00007ff8092c0000 - 0x00007ff809451000 	C:\Program Files\Java\jdk-19\bin\awt.dll
0x00007ff82a3d0000 - 0x00007ff82a49d000 	C:\Windows\System32\OLEAUT32.dll
0x00007ff8255e0000 - 0x00007ff825671000 	C:\Windows\SYSTEM32\apphelp.dll
0x00007ff825ab0000 - 0x00007ff825adf000 	C:\Windows\system32\DWMAPI.DLL
0x00007ff8256f0000 - 0x00007ff82578e000 	C:\Windows\system32\uxtheme.dll
0x00007ff810c00000 - 0x00007ff810d25000 	C:\Windows\system32\opengl32.dll
0x00007ff8106f0000 - 0x00007ff81071c000 	C:\Windows\SYSTEM32\GLU32.dll
0x00007ff82a130000 - 0x00007ff82a245000 	C:\Windows\System32\MSCTF.dll
0x00007ff829070000 - 0x00007ff82919a000 	C:\Windows\System32\ole32.dll
0x00007ff8271a0000 - 0x00007ff82726a000 	C:\Windows\SYSTEM32\DNSAPI.dll
0x00007ff827160000 - 0x00007ff82719b000 	C:\Windows\SYSTEM32\IPHLPAPI.DLL
0x00007ff829200000 - 0x00007ff829208000 	C:\Windows\System32\NSI.dll
0x00007ff819af0000 - 0x00007ff819afa000 	C:\Windows\System32\rasadhlp.dll
0x00007ff81a360000 - 0x00007ff81a3e0000 	C:\Windows\System32\fwpuclnt.dll
0x00007ff827d00000 - 0x00007ff827d27000 	C:\Windows\System32\bcrypt.dll
0x00007ff813860000 - 0x00007ff813868000 	C:\Program Files\Java\jdk-19\bin\extnet.dll
0x00007ff8276c0000 - 0x00007ff8276d8000 	C:\Windows\SYSTEM32\CRYPTSP.dll
0x00007ff826d70000 - 0x00007ff826da4000 	C:\Windows\system32\rsaenh.dll
0x00007ff827c00000 - 0x00007ff827c2e000 	C:\Windows\SYSTEM32\USERENV.dll
0x00007ff8276b0000 - 0x00007ff8276bc000 	C:\Windows\SYSTEM32\CRYPTBASE.dll
0x00007ff81df40000 - 0x00007ff81df57000 	C:\Windows\SYSTEM32\dhcpcsvc6.DLL
0x00007ff81fb60000 - 0x00007ff81fb7d000 	C:\Windows\SYSTEM32\dhcpcsvc.DLL
0x00007ff823740000 - 0x00007ff82374e000 	C:\Program Files\Java\jdk-19\bin\sunmscapi.dll
0x00007ff827ea0000 - 0x00007ff827ff6000 	C:\Windows\System32\CRYPT32.dll
0x00007ff8277d0000 - 0x00007ff8277f7000 	C:\Windows\SYSTEM32\ncrypt.dll
0x00007ff827790000 - 0x00007ff8277cb000 	C:\Windows\SYSTEM32\NTASN1.dll
0x00007ff806730000 - 0x00007ff8067b6000 	C:\Program Files\Java\jdk-19\bin\freetype.dll
0x00007ff806660000 - 0x00007ff806725000 	C:\Program Files\Java\jdk-19\bin\fontmanager.dll
0x00007ff828fc0000 - 0x00007ff82906f000 	C:\Windows\System32\clbcatq.dll
0x00007ff820030000 - 0x00007ff8201e4000 	C:\Windows\SYSTEM32\WindowsCodecs.dll
0x00007ff811d40000 - 0x00007ff811d7e000 	C:\Windows\system32\dataexchange.dll
0x00007ff824920000 - 0x00007ff824b03000 	C:\Windows\system32\dcomp.dll
0x00007ff8239e0000 - 0x00007ff823c43000 	C:\Windows\system32\d3d11.dll
0x00007ff8265c0000 - 0x00007ff8266b3000 	C:\Windows\system32\dxgi.dll
0x00007ff8205e0000 - 0x00007ff8207e0000 	C:\Windows\system32\twinapi.appcore.dll
0x00007ff8203f0000 - 0x00007ff8204e9000 	C:\Windows\SYSTEM32\textinputframework.dll
0x00007ff824ea0000 - 0x00007ff8251fe000 	C:\Windows\System32\CoreUIComponents.dll
0x00007ff825300000 - 0x00007ff8253f2000 	C:\Windows\System32\CoreMessaging.dll
0x00007ff826e90000 - 0x00007ff826ec3000 	C:\Windows\SYSTEM32\ntmarta.dll
0x00007ff824670000 - 0x00007ff8247c4000 	C:\Windows\SYSTEM32\wintypes.dll

dbghelp: loaded successfully - version: 4.0.5 - missing functions: none
symbol engine: initialized successfully - sym options: 0x614 - pdb path: .;C:\Program Files\Java\jdk-19\bin;C:\Windows\SYSTEM32;C:\Windows\WinSxS\amd64_microsoft.windows.common-controls_6595b64144ccf1df_6.0.19041.1110_none_60b5254171f9507e;C:\Program Files\Java\jdk-19\bin\server

VM Arguments:
jvm_args: -Dfile.encoding=UTF-8 --module-path=C:\Users\acer\Documents\NetBeansProjects\University Management System\build\classes 
java_command: university.management.system.ExaminationDetails
java_class_path (initial): C:\Users\acer\Documents\NetBeansProjects\University Management System\src\Jar\mysql-connector-java-8.0.28.jar;C:\Users\acer\Documents\NetBeansProjects\University Management System\src\Jar\jcalendar-tz-1.3.3-4.jar;C:\Users\acer\Documents\NetBeansProjects\University Management System\src\Jar\rs2xml.jar;C:\Users\acer\Documents\NetBeansProjects\University Management System\build\classes
Launcher Type: SUN_STANDARD

[Global flags]
     intx CICompilerCount                          = 3                                         {product} {ergonomic}
     uint ConcGCThreads                            = 1                                         {product} {ergonomic}
     uint G1ConcRefinementThreads                  = 4                                         {product} {ergonomic}
   size_t G1HeapRegionSize                         = 1048576                                   {product} {ergonomic}
    uintx GCDrainStackTargetSize                   = 64                                        {product} {ergonomic}
   size_t InitialHeapSize                          = 67108864                                  {product} {ergonomic}
   size_t MarkStackSize                            = 4194304                                   {product} {ergonomic}
   size_t MaxHeapSize                              = 1054867456                                {product} {ergonomic}
   size_t MaxNewSize                               = 632291328                                 {product} {ergonomic}
   size_t MinHeapDeltaBytes                        = 1048576                                   {product} {ergonomic}
   size_t MinHeapSize                              = 8388608                                   {product} {ergonomic}
    uintx NonNMethodCodeHeapSize                   = 5832780                                {pd product} {ergonomic}
    uintx NonProfiledCodeHeapSize                  = 122912730                              {pd product} {ergonomic}
    uintx ProfiledCodeHeapSize                     = 122912730                              {pd product} {ergonomic}
    uintx ReservedCodeCacheSize                    = 251658240                              {pd product} {ergonomic}
     bool SegmentedCodeCache                       = true                                      {product} {ergonomic}
   size_t SoftMaxHeapSize                          = 1054867456                             {manageable} {ergonomic}
     bool UseCompressedClassPointers               = true                           {product lp64_product} {ergonomic}
     bool UseCompressedOops                        = true                           {product lp64_product} {ergonomic}
     bool UseG1GC                                  = true                                      {product} {ergonomic}
     bool UseLargePagesIndividualAllocation        = false                                  {pd product} {ergonomic}

Logging:
Log output configuration:
 #0: stdout all=warning uptime,level,tags foldmultilines=false
 #1: stderr all=off uptime,level,tags foldmultilines=false

Environment Variables:
PATH=C:\Program Files\Common Files\Oracle\Java\javapath;C:\Python311\Scripts\;C:\Python311\;C:\Windows\system32;C:\Windows;C:\Windows\System32\Wbem;C:\Windows\System32\WindowsPowerShell\v1.0\;C:\Windows\System32\OpenSSH\;C:\Program Files\nodejs\;C:\ProgramData\chocolatey\bin;C:\Program Files\MySQL\MySQL Shell 8.0\bin\;C:\Users\acer\AppData\Local\Microsoft\WindowsApps;;C:\Users\acer\AppData\Local\Programs\Microsoft VS Code\bin;C:\Users\acer\AppData\Roaming\npm
USERNAME=acer
OS=Windows_NT
PROCESSOR_IDENTIFIER=Intel64 Family 6 Model 69 Stepping 1, GenuineIntel
TMP=C:\Users\acer\AppData\Local\Temp
TEMP=C:\Users\acer\AppData\Local\Temp



---------------  S Y S T E M  ---------------

OS:
 Windows 10 , 64 bit Build 19041 (10.0.19041.2364)
OS uptime: 15 days 5:43 hours

CPU: total 4 (initial active 4) (2 cores per cpu, 2 threads per core) family 6 model 69 stepping 1 microcode 0x25, cx8, cmov, fxsr, ht, mmx, sse, sse2, sse3, ssse3, sse4.1, sse4.2, popcnt, lzcnt, tsc, tscinvbit, avx, avx2, aes, erms, clmul, bmi1, bmi2, fma, vzeroupper, clflush, rdtscp

Memory: 4k page, system-wide physical 4019M (232M free)
TotalPageFile size 16307M (AvailPageFile size 1M)
current process WorkingSet (physical memory assigned to process): 92M, peak: 92M
current process commit charge ("private bytes"): 166M, peak: 166M

vm_info: Java HotSpot(TM) 64-Bit Server VM (19.0.1+10-21) for windows-amd64 JRE (19.0.1+10-21), built on 2022-09-14T12:45:06Z by "mach5one" with MS VC++ 17.1 (VS2022)

END.
